<?xml version="1.0" encoding="UTF-8" standalone="yes"?>
<testsuites name="SearchAndAddProductsToCart" time="64" tests="6" failures="0" errors="0">
    <testsuite name="SearchAndAddProductsToCart" tests="6" failures="0" errors="0" time="64" timestamp="2019-07-10 20:32:50" hostname="QualtopGroup - DESKTOP-JOAKIH6" id="Test Suites/PRODUCTS/SearchAndAddProductsToCart">
        <properties>
            <property name="deviceName" value=""/>
            <property name="devicePlatform" value=""/>
            <property name="logFolder" value="C:\\Users\\QualtopGroup\\Katalon Studio\\QSSAT_Web_Liverpool\\Reports\\20190710_203233\\PRODUCTS\\SearchAndAddProductsToCart\\20190710_203233"/>
            <property name="logFiles" value="C:\\Users\\QualtopGroup\\Katalon Studio\\QSSAT_Web_Liverpool\\Reports\\20190710_203233\\PRODUCTS\\SearchAndAddProductsToCart\\20190710_203233\\execution0.log"/>
            <property name="attachments" value=""/>
            <property name="hostName" value="QualtopGroup - DESKTOP-JOAKIH6"/>
            <property name="os" value="Windows 10 64bit"/>
            <property name="katalonVersion" value="6.3.0.1"/>
            <property name="browser" value="Chrome 75.0.3770.100"/>
            <property name="hostAddress" value="192.168.56.1"/>
            <property name="sessionId" value="ae4a0355d568a0693f5e53aac8e97b75"/>
            <property name="seleniumVersion" value="3.141.59"/>
            <property name="proxyInformation" value="ProxyInformation{proxyOption=NO_PROXY, proxyServerType=HTTP, password=, proxyServerAddress=, proxyServerPort=0}"/>
            <property name="platform" value="Windows 10"/>
        </properties>
        <testcase name="Test Cases/SET_UP_BROWSER/launch_browser" classname="Test Cases/SET_UP_BROWSER/launch_browser" status="PASSED">
            <system-out>2019-07-10 20:32:51 - [TEST_CASE][PASSED] - Test Cases/SET_UP_BROWSER/launch_browser: Test Cases/SET_UP_BROWSER/launch_browser&#xD;
&#xD;
2019-07-10 20:32:52 - [TEST_STEP][PASSED] - openBrowser(BASE_URL): Browser is opened with url: 'https://www.liverpool.com.mx/tienda/home.jsp'&#xD;
&#xD;
2019-07-10 20:32:54 - [MESSAGE][INFO] - Starting 'Chrome' driver&#xD;
&#xD;
2019-07-10 20:32:54 - [MESSAGE][INFO] - Action delay is set to 0 seconds&#xD;
&#xD;
2019-07-10 20:33:19 - [MESSAGE][PASSED] - Browser is opened with url: 'https://www.liverpool.com.mx/tienda/home.jsp'&#xD;
&#xD;
2019-07-10 20:33:19 - [TEST_STEP][PASSED] - maximizeWindow(): Current window maximized&#xD;
&#xD;
2019-07-10 20:33:21 - [MESSAGE][PASSED] - Current window maximized</system-out>
            <system-err></system-err>
        </testcase>
        <testcase name="Test Cases/LOG_IN/access_log_in" classname="Test Cases/LOG_IN/access_log_in" status="PASSED">
            <system-out>2019-07-10 20:33:21 - [TEST_CASE][PASSED] - Test Cases/LOG_IN/access_log_in: Test Cases/LOG_IN/access_log_in&#xD;
&#xD;
2019-07-10 20:33:22 - [TEST_STEP][PASSED] - click(findTestObject("HOME_PAGE/Header/button_login")): Object: 'Object Repository/HOME_PAGE/Header/button_login' is clicked on&#xD;
&#xD;
2019-07-10 20:33:24 - [MESSAGE][PASSED] - Object: 'Object Repository/HOME_PAGE/Header/button_login' is clicked on&#xD;
&#xD;
2019-07-10 20:33:24 - [TEST_STEP][PASSED] - waitForElementVisible(findTestObject("LOG_IN/iframe_log-in"), 3): Object 'Object Repository/LOG_IN/iframe_log-in' is visible&#xD;
&#xD;
2019-07-10 20:33:24 - [MESSAGE][PASSED] - Object 'Object Repository/LOG_IN/iframe_log-in' is visible</system-out>
            <system-err></system-err>
        </testcase>
        <testcase name="Test Cases/LOG_IN/success_log_in" classname="Test Cases/LOG_IN/success_log_in" status="PASSED">
            <system-out>2019-07-10 20:33:24 - [TEST_CASE][PASSED] - Test Cases/LOG_IN/success_log_in: Test Cases/LOG_IN/success_log_in&#xD;
&#xD;
2019-07-10 20:33:24 - [TEST_STEP][PASSED] - setText(findTestObject("LOG_IN/input_email"), "iart60910@yopmail.com"): Text 'iart60910@yopmail.com' is set on object 'Object Repository/LOG_IN/input_email'&#xD;
&#xD;
2019-07-10 20:33:25 - [MESSAGE][PASSED] - Text 'iart60910@yopmail.com' is set on object 'Object Repository/LOG_IN/input_email'&#xD;
&#xD;
2019-07-10 20:33:25 - [TEST_STEP][PASSED] - setEncryptedText(findTestObject("LOG_IN/input_password"), "pvWt8Onr8p8JrmFePASEjg=="): Text ****** has been set on object 'Object Repository/LOG_IN/input_password'&#xD;
&#xD;
2019-07-10 20:33:26 - [MESSAGE][PASSED] - Text ****** has been set on object 'Object Repository/LOG_IN/input_password'&#xD;
&#xD;
2019-07-10 20:33:26 - [TEST_STEP][PASSED] - click(findTestObject("LOG_IN/button_sign-in")): Object: 'Object Repository/LOG_IN/button_sign-in' is clicked on&#xD;
&#xD;
2019-07-10 20:33:26 - [MESSAGE][PASSED] - Object: 'Object Repository/LOG_IN/button_sign-in' is clicked on&#xD;
&#xD;
2019-07-10 20:33:26 - [TEST_STEP][PASSED] - waitForElementNotVisible(findTestObject("HOME_PAGE/Header/icon_load-user"), 5): Object 'Object Repository/HOME_PAGE/Header/icon_load-user' is NOT visible&#xD;
&#xD;
2019-07-10 20:33:32 - [MESSAGE][PASSED] - Object 'Object Repository/HOME_PAGE/Header/icon_load-user' is NOT visible&#xD;
&#xD;
2019-07-10 20:33:32 - [TEST_STEP][PASSED] - verifyElementText(findTestObject("LOG_IN/select_profile"), "ian"): Actual text and expected text of test object 'Object Repository/LOG_IN/select_profile' are matched.&#xD;
&#xD;
2019-07-10 20:33:32 - [MESSAGE][PASSED] - Actual text and expected text of test object 'Object Repository/LOG_IN/select_profile' are matched.</system-out>
            <system-err></system-err>
        </testcase>
        <testcase name="Test Cases/PRODUCTS/search_product" classname="Test Cases/PRODUCTS/search_product" status="PASSED">
            <system-out>2019-07-10 20:33:32 - [TEST_CASE][PASSED] - Test Cases/PRODUCTS/search_product: Test Cases/PRODUCTS/search_product&#xD;
&#xD;
2019-07-10 20:33:33 - [TEST_STEP][PASSED] - waitForElementClickable(findTestObject("HOME_PAGE/Header/input_search"), 3): Object 'Object Repository/HOME_PAGE/Header/input_search' is clickable&#xD;
&#xD;
2019-07-10 20:33:33 - [MESSAGE][PASSED] - Object 'Object Repository/HOME_PAGE/Header/input_search' is clickable&#xD;
&#xD;
2019-07-10 20:33:33 - [TEST_STEP][PASSED] - setText(findTestObject("HOME_PAGE/Header/input_search"), "Gold 3 Meses"): Text 'Gold 3 Meses' is set on object 'Object Repository/HOME_PAGE/Header/input_search'&#xD;
&#xD;
2019-07-10 20:33:33 - [MESSAGE][PASSED] - Text 'Gold 3 Meses' is set on object 'Object Repository/HOME_PAGE/Header/input_search'&#xD;
&#xD;
2019-07-10 20:33:33 - [TEST_STEP][PASSED] - click(findTestObject("HOME_PAGE/Header/button_search")): Object: 'Object Repository/HOME_PAGE/Header/button_search' is clicked on&#xD;
&#xD;
2019-07-10 20:33:45 - [MESSAGE][PASSED] - Object: 'Object Repository/HOME_PAGE/Header/button_search' is clicked on</system-out>
            <system-err></system-err>
        </testcase>
        <testcase name="Test Cases/PRODUCTS/add_product_to_cart" classname="Test Cases/PRODUCTS/add_product_to_cart" status="PASSED">
            <system-out>2019-07-10 20:33:45 - [TEST_CASE][PASSED] - Test Cases/PRODUCTS/add_product_to_cart: Test Cases/PRODUCTS/add_product_to_cart&#xD;
&#xD;
2019-07-10 20:33:46 - [TEST_STEP][PASSED] - waitForElementClickable(findTestObject("PRODUCTS/DetailProducts/input_qty"), 3): Object 'Object Repository/PRODUCTS/DetailProducts/input_qty' is clickable&#xD;
&#xD;
2019-07-10 20:33:46 - [MESSAGE][PASSED] - Object 'Object Repository/PRODUCTS/DetailProducts/input_qty' is clickable&#xD;
&#xD;
2019-07-10 20:33:46 - [TEST_STEP][PASSED] - for ([x = 1, x &lt;= 3, (x++)]): Delayed 1 second(s)&#xD;
&#xD;
2019-07-10 20:33:46 - [TEST_STEP][PASSED] - sendKeys(findTestObject("PRODUCTS/DetailProducts/input_qty"), Keys.chord(ARROW_UP)): Keys 'UP + ' sent to object: 'Object Repository/PRODUCTS/DetailProducts/input_qty'&#xD;
&#xD;
2019-07-10 20:33:46 - [MESSAGE][PASSED] - Keys 'UP + ' sent to object: 'Object Repository/PRODUCTS/DetailProducts/input_qty'&#xD;
&#xD;
2019-07-10 20:33:46 - [TEST_STEP][PASSED] - delay(1): Delayed 1 second(s)&#xD;
&#xD;
2019-07-10 20:33:47 - [MESSAGE][PASSED] - Delayed 1 second(s)&#xD;
&#xD;
2019-07-10 20:33:47 - [TEST_STEP][PASSED] - sendKeys(findTestObject("PRODUCTS/DetailProducts/input_qty"), Keys.chord(ARROW_UP)): Keys 'UP + ' sent to object: 'Object Repository/PRODUCTS/DetailProducts/input_qty'&#xD;
&#xD;
2019-07-10 20:33:48 - [MESSAGE][PASSED] - Keys 'UP + ' sent to object: 'Object Repository/PRODUCTS/DetailProducts/input_qty'&#xD;
&#xD;
2019-07-10 20:33:48 - [TEST_STEP][PASSED] - delay(1): Delayed 1 second(s)&#xD;
&#xD;
2019-07-10 20:33:49 - [MESSAGE][PASSED] - Delayed 1 second(s)&#xD;
&#xD;
2019-07-10 20:33:49 - [TEST_STEP][PASSED] - sendKeys(findTestObject("PRODUCTS/DetailProducts/input_qty"), Keys.chord(ARROW_UP)): Keys 'UP + ' sent to object: 'Object Repository/PRODUCTS/DetailProducts/input_qty'&#xD;
&#xD;
2019-07-10 20:33:49 - [MESSAGE][PASSED] - Keys 'UP + ' sent to object: 'Object Repository/PRODUCTS/DetailProducts/input_qty'&#xD;
&#xD;
2019-07-10 20:33:49 - [TEST_STEP][PASSED] - delay(1): Delayed 1 second(s)&#xD;
&#xD;
2019-07-10 20:33:50 - [MESSAGE][PASSED] - Delayed 1 second(s)&#xD;
&#xD;
2019-07-10 20:33:50 - [TEST_STEP][PASSED] - click(findTestObject("PRODUCTS/DetailProducts/button_add-shopping-cart")): Object: 'Object Repository/PRODUCTS/DetailProducts/button_add-shopping-cart' is clicked on&#xD;
&#xD;
2019-07-10 20:33:51 - [MESSAGE][PASSED] - Object: 'Object Repository/PRODUCTS/DetailProducts/button_add-shopping-cart' is clicked on&#xD;
&#xD;
2019-07-10 20:33:51 - [TEST_STEP][PASSED] - waitForElementVisible(findTestObject("PRODUCTS/DetailProducts/div_modal-product-added"), 3): Object 'Object Repository/PRODUCTS/DetailProducts/div_modal-product-added' is visible&#xD;
&#xD;
2019-07-10 20:33:52 - [MESSAGE][PASSED] - Object 'Object Repository/PRODUCTS/DetailProducts/div_modal-product-added' is visible&#xD;
&#xD;
2019-07-10 20:33:52 - [TEST_STEP][PASSED] - click(findTestObject("PRODUCTS/DetailProducts/button_close-modal-product-added")): Object: 'Object Repository/PRODUCTS/DetailProducts/button_close-modal-product-added' is clicked on&#xD;
&#xD;
2019-07-10 20:33:53 - [MESSAGE][PASSED] - Object: 'Object Repository/PRODUCTS/DetailProducts/button_close-modal-product-added' is clicked on</system-out>
            <system-err></system-err>
        </testcase>
        <testcase name="Test Cases/SET_UP_BROWSER/close_browser" classname="Test Cases/SET_UP_BROWSER/close_browser" status="PASSED">
            <system-out>2019-07-10 20:33:53 - [TEST_CASE][PASSED] - Test Cases/SET_UP_BROWSER/close_browser: Test Cases/SET_UP_BROWSER/close_browser&#xD;
&#xD;
2019-07-10 20:33:53 - [TEST_STEP][PASSED] - closeBrowser(): Browser is closed&#xD;
&#xD;
2019-07-10 20:33:55 - [MESSAGE][PASSED] - Browser is closed</system-out>
            <system-err></system-err>
        </testcase>
        <system-out>2019-07-10 20:32:50 - [TEST_SUITE][INCOMPLETE] - SearchAndAddProductsToCart: null</system-out>
        <system-err>2019-07-10 20:32:50 - [TEST_SUITE][INCOMPLETE] - SearchAndAddProductsToCart: null</system-err>
    </testsuite>
</testsuites>
