<?xml version="1.0" encoding="UTF-8" standalone="yes"?>
<testsuites name="SearchAndAddProductsToCart" time="55" tests="6" failures="0" errors="0">
    <testsuite name="SearchAndAddProductsToCart" tests="6" failures="0" errors="0" time="55" timestamp="2019-07-10 20:17:54" hostname="QualtopGroup - DESKTOP-JOAKIH6" id="Test Suites/PRODUCTS/SearchAndAddProductsToCart">
        <properties>
            <property name="deviceName" value=""/>
            <property name="devicePlatform" value=""/>
            <property name="logFolder" value="C:\\Users\\QualtopGroup\\Katalon Studio\\QSSAT_Web_Liverpool\\Reports\\20190710_201742\\PRODUCTS\\SearchAndAddProductsToCart\\20190710_201742"/>
            <property name="logFiles" value="C:\\Users\\QualtopGroup\\Katalon Studio\\QSSAT_Web_Liverpool\\Reports\\20190710_201742\\PRODUCTS\\SearchAndAddProductsToCart\\20190710_201742\\execution0.log"/>
            <property name="attachments" value=""/>
            <property name="hostName" value="QualtopGroup - DESKTOP-JOAKIH6"/>
            <property name="os" value="Windows 10 64bit"/>
            <property name="katalonVersion" value="6.3.0.1"/>
            <property name="browser" value="Firefox 66.0"/>
            <property name="hostAddress" value="192.168.56.1"/>
            <property name="sessionId" value="fdf52179-6d1e-4ad9-8577-8eb8463d517f"/>
            <property name="seleniumVersion" value="3.141.59"/>
            <property name="proxyInformation" value="ProxyInformation{proxyOption=NO_PROXY, proxyServerType=HTTP, password=, proxyServerAddress=, proxyServerPort=0}"/>
            <property name="platform" value="Windows 10"/>
        </properties>
        <testcase name="Test Cases/SET_UP_BROWSER/launch_browser" classname="Test Cases/SET_UP_BROWSER/launch_browser" status="PASSED">
            <system-out>2019-07-10 20:17:55 - [TEST_CASE][PASSED] - Test Cases/SET_UP_BROWSER/launch_browser: Test Cases/SET_UP_BROWSER/launch_browser&#xD;
&#xD;
2019-07-10 20:17:56 - [TEST_STEP][PASSED] - openBrowser(BASE_URL): Browser is opened with url: 'https://www.liverpool.com.mx/tienda/home.jsp'&#xD;
&#xD;
2019-07-10 20:17:58 - [MESSAGE][INFO] - Starting 'Firefox' driver&#xD;
&#xD;
2019-07-10 20:17:58 - [MESSAGE][INFO] - Action delay is set to 0 seconds&#xD;
&#xD;
2019-07-10 20:18:20 - [MESSAGE][PASSED] - Browser is opened with url: 'https://www.liverpool.com.mx/tienda/home.jsp'&#xD;
&#xD;
2019-07-10 20:18:20 - [TEST_STEP][PASSED] - maximizeWindow(): Current window maximized&#xD;
&#xD;
2019-07-10 20:18:20 - [MESSAGE][PASSED] - Current window maximized</system-out>
            <system-err></system-err>
        </testcase>
        <testcase name="Test Cases/LOG_IN/access_log_in" classname="Test Cases/LOG_IN/access_log_in" status="PASSED">
            <system-out>2019-07-10 20:18:20 - [TEST_CASE][PASSED] - Test Cases/LOG_IN/access_log_in: Test Cases/LOG_IN/access_log_in&#xD;
&#xD;
2019-07-10 20:18:21 - [TEST_STEP][PASSED] - click(findTestObject("HOME_PAGE/Header/button_login")): Object: 'Object Repository/HOME_PAGE/Header/button_login' is clicked on&#xD;
&#xD;
2019-07-10 20:18:22 - [MESSAGE][PASSED] - Object: 'Object Repository/HOME_PAGE/Header/button_login' is clicked on&#xD;
&#xD;
2019-07-10 20:18:22 - [TEST_STEP][PASSED] - waitForElementVisible(findTestObject("LOG_IN/iframe_log-in"), 3): Object 'Object Repository/LOG_IN/iframe_log-in' is visible&#xD;
&#xD;
2019-07-10 20:18:23 - [MESSAGE][PASSED] - Object 'Object Repository/LOG_IN/iframe_log-in' is visible</system-out>
            <system-err></system-err>
        </testcase>
        <testcase name="Test Cases/LOG_IN/success_log_in" classname="Test Cases/LOG_IN/success_log_in" status="PASSED">
            <system-out>2019-07-10 20:18:23 - [TEST_CASE][PASSED] - Test Cases/LOG_IN/success_log_in: Test Cases/LOG_IN/success_log_in&#xD;
&#xD;
2019-07-10 20:18:24 - [TEST_STEP][PASSED] - setText(findTestObject("LOG_IN/input_email"), "iart60910@yopmail.com"): Text 'iart60910@yopmail.com' is set on object 'Object Repository/LOG_IN/input_email'&#xD;
&#xD;
2019-07-10 20:18:24 - [MESSAGE][PASSED] - Text 'iart60910@yopmail.com' is set on object 'Object Repository/LOG_IN/input_email'&#xD;
&#xD;
2019-07-10 20:18:24 - [TEST_STEP][PASSED] - setEncryptedText(findTestObject("LOG_IN/input_password"), "pvWt8Onr8p8JrmFePASEjg=="): Text ****** has been set on object 'Object Repository/LOG_IN/input_password'&#xD;
&#xD;
2019-07-10 20:18:25 - [MESSAGE][PASSED] - Text ****** has been set on object 'Object Repository/LOG_IN/input_password'&#xD;
&#xD;
2019-07-10 20:18:25 - [TEST_STEP][PASSED] - click(findTestObject("LOG_IN/button_sign-in")): Object: 'Object Repository/LOG_IN/button_sign-in' is clicked on&#xD;
&#xD;
2019-07-10 20:18:26 - [MESSAGE][PASSED] - Object: 'Object Repository/LOG_IN/button_sign-in' is clicked on&#xD;
&#xD;
2019-07-10 20:18:26 - [TEST_STEP][PASSED] - waitForElementNotVisible(findTestObject("HOME_PAGE/Header/icon_load-user"), 5): Object 'Object Repository/HOME_PAGE/Header/icon_load-user' is NOT visible&#xD;
&#xD;
2019-07-10 20:18:28 - [MESSAGE][PASSED] - Object 'Object Repository/HOME_PAGE/Header/icon_load-user' is NOT visible&#xD;
&#xD;
2019-07-10 20:18:28 - [TEST_STEP][PASSED] - verifyElementText(findTestObject("LOG_IN/select_profile"), "ian"): Actual text and expected text of test object 'Object Repository/LOG_IN/select_profile' are matched.&#xD;
&#xD;
2019-07-10 20:18:29 - [MESSAGE][PASSED] - Actual text and expected text of test object 'Object Repository/LOG_IN/select_profile' are matched.</system-out>
            <system-err></system-err>
        </testcase>
        <testcase name="Test Cases/PRODUCTS/search_product" classname="Test Cases/PRODUCTS/search_product" status="PASSED">
            <system-out>2019-07-10 20:18:29 - [TEST_CASE][PASSED] - Test Cases/PRODUCTS/search_product: Test Cases/PRODUCTS/search_product&#xD;
&#xD;
2019-07-10 20:18:30 - [TEST_STEP][PASSED] - waitForElementClickable(findTestObject("HOME_PAGE/Header/input_search"), 3): Object 'Object Repository/HOME_PAGE/Header/input_search' is clickable&#xD;
&#xD;
2019-07-10 20:18:30 - [MESSAGE][PASSED] - Object 'Object Repository/HOME_PAGE/Header/input_search' is clickable&#xD;
&#xD;
2019-07-10 20:18:30 - [TEST_STEP][PASSED] - setText(findTestObject("HOME_PAGE/Header/input_search"), "Gold 3 Meses"): Text 'Gold 3 Meses' is set on object 'Object Repository/HOME_PAGE/Header/input_search'&#xD;
&#xD;
2019-07-10 20:18:31 - [MESSAGE][PASSED] - Text 'Gold 3 Meses' is set on object 'Object Repository/HOME_PAGE/Header/input_search'&#xD;
&#xD;
2019-07-10 20:18:31 - [TEST_STEP][PASSED] - click(findTestObject("HOME_PAGE/Header/button_search")): Object: 'Object Repository/HOME_PAGE/Header/button_search' is clicked on&#xD;
&#xD;
2019-07-10 20:18:38 - [MESSAGE][PASSED] - Object: 'Object Repository/HOME_PAGE/Header/button_search' is clicked on</system-out>
            <system-err></system-err>
        </testcase>
        <testcase name="Test Cases/PRODUCTS/add_product_to_cart" classname="Test Cases/PRODUCTS/add_product_to_cart" status="PASSED">
            <system-out>2019-07-10 20:18:38 - [TEST_CASE][PASSED] - Test Cases/PRODUCTS/add_product_to_cart: Test Cases/PRODUCTS/add_product_to_cart&#xD;
&#xD;
2019-07-10 20:18:39 - [TEST_STEP][PASSED] - waitForElementClickable(findTestObject("PRODUCTS/DetailProducts/input_qty"), 3): Object 'Object Repository/PRODUCTS/DetailProducts/input_qty' is clickable&#xD;
&#xD;
2019-07-10 20:18:39 - [MESSAGE][PASSED] - Object 'Object Repository/PRODUCTS/DetailProducts/input_qty' is clickable&#xD;
&#xD;
2019-07-10 20:18:39 - [TEST_STEP][PASSED] - for ([x = 0, x &lt;= 3, (x++)]): Keys 'UP + ' sent to object: 'Object Repository/PRODUCTS/DetailProducts/input_qty'&#xD;
&#xD;
2019-07-10 20:18:39 - [TEST_STEP][PASSED] - sendKeys(findTestObject("PRODUCTS/DetailProducts/input_qty"), Keys.chord(ARROW_UP)): Keys 'UP + ' sent to object: 'Object Repository/PRODUCTS/DetailProducts/input_qty'&#xD;
&#xD;
2019-07-10 20:18:40 - [MESSAGE][PASSED] - Keys 'UP + ' sent to object: 'Object Repository/PRODUCTS/DetailProducts/input_qty'&#xD;
&#xD;
2019-07-10 20:18:40 - [TEST_STEP][PASSED] - sendKeys(findTestObject("PRODUCTS/DetailProducts/input_qty"), Keys.chord(ARROW_UP)): Keys 'UP + ' sent to object: 'Object Repository/PRODUCTS/DetailProducts/input_qty'&#xD;
&#xD;
2019-07-10 20:18:41 - [MESSAGE][PASSED] - Keys 'UP + ' sent to object: 'Object Repository/PRODUCTS/DetailProducts/input_qty'&#xD;
&#xD;
2019-07-10 20:18:41 - [TEST_STEP][PASSED] - sendKeys(findTestObject("PRODUCTS/DetailProducts/input_qty"), Keys.chord(ARROW_UP)): Keys 'UP + ' sent to object: 'Object Repository/PRODUCTS/DetailProducts/input_qty'&#xD;
&#xD;
2019-07-10 20:18:41 - [MESSAGE][PASSED] - Keys 'UP + ' sent to object: 'Object Repository/PRODUCTS/DetailProducts/input_qty'&#xD;
&#xD;
2019-07-10 20:18:41 - [TEST_STEP][PASSED] - sendKeys(findTestObject("PRODUCTS/DetailProducts/input_qty"), Keys.chord(ARROW_UP)): Keys 'UP + ' sent to object: 'Object Repository/PRODUCTS/DetailProducts/input_qty'&#xD;
&#xD;
2019-07-10 20:18:41 - [MESSAGE][PASSED] - Keys 'UP + ' sent to object: 'Object Repository/PRODUCTS/DetailProducts/input_qty'&#xD;
&#xD;
2019-07-10 20:18:41 - [TEST_STEP][PASSED] - click(findTestObject("PRODUCTS/DetailProducts/button_add-shopping-cart")): Object: 'Object Repository/PRODUCTS/DetailProducts/button_add-shopping-cart' is clicked on&#xD;
&#xD;
2019-07-10 20:18:42 - [MESSAGE][PASSED] - Object: 'Object Repository/PRODUCTS/DetailProducts/button_add-shopping-cart' is clicked on&#xD;
&#xD;
2019-07-10 20:18:42 - [TEST_STEP][PASSED] - waitForElementVisible(findTestObject("PRODUCTS/DetailProducts/div_modal-product-added"), 3): Object 'Object Repository/PRODUCTS/DetailProducts/div_modal-product-added' is visible&#xD;
&#xD;
2019-07-10 20:18:43 - [MESSAGE][PASSED] - Object 'Object Repository/PRODUCTS/DetailProducts/div_modal-product-added' is visible&#xD;
&#xD;
2019-07-10 20:18:43 - [TEST_STEP][PASSED] - click(findTestObject("PRODUCTS/DetailProducts/button_close-modal-product-added")): Object: 'Object Repository/PRODUCTS/DetailProducts/button_close-modal-product-added' is clicked on&#xD;
&#xD;
2019-07-10 20:18:44 - [MESSAGE][PASSED] - Object: 'Object Repository/PRODUCTS/DetailProducts/button_close-modal-product-added' is clicked on</system-out>
            <system-err></system-err>
        </testcase>
        <testcase name="Test Cases/SET_UP_BROWSER/close_browser" classname="Test Cases/SET_UP_BROWSER/close_browser" status="PASSED">
            <system-out>2019-07-10 20:18:44 - [TEST_CASE][PASSED] - Test Cases/SET_UP_BROWSER/close_browser: Test Cases/SET_UP_BROWSER/close_browser&#xD;
&#xD;
2019-07-10 20:18:45 - [TEST_STEP][PASSED] - closeBrowser(): Browser is closed&#xD;
&#xD;
2019-07-10 20:18:49 - [MESSAGE][PASSED] - Browser is closed</system-out>
            <system-err></system-err>
        </testcase>
        <system-out>2019-07-10 20:17:54 - [TEST_SUITE][INCOMPLETE] - SearchAndAddProductsToCart: null</system-out>
        <system-err>2019-07-10 20:17:54 - [TEST_SUITE][INCOMPLETE] - SearchAndAddProductsToCart: null</system-err>
    </testsuite>
</testsuites>
