<?xml version="1.0" encoding="UTF-8" standalone="yes"?>
<testsuites name="AddProductsToCart(FromSearch)" time="43" tests="4" failures="0" errors="0">
    <testsuite name="AddProductsToCart(FromSearch)" tests="4" failures="0" errors="0" time="43" timestamp="2019-07-12 17:48:41" hostname="QualtopGroup - DESKTOP-JOAKIH6.cyamoda.com" id="Test Suites/PRODUCTS/AddProductsToCart(FromSearch)">
        <properties>
            <property name="deviceName" value=""/>
            <property name="devicePlatform" value=""/>
            <property name="logFolder" value="C:\\Users\\QualtopGroup\\Katalon Studio\\QSSAT_Web_Liverpool\\Reports\\PRODUCTS\\AddProductsToCart(FromSearch)\\20190712_174835"/>
            <property name="logFiles" value="C:\\Users\\QualtopGroup\\Katalon Studio\\QSSAT_Web_Liverpool\\Reports\\PRODUCTS\\AddProductsToCart(FromSearch)\\20190712_174835\\execution0.log"/>
            <property name="attachments" value=""/>
            <property name="hostName" value="QualtopGroup - DESKTOP-JOAKIH6.cyamoda.com"/>
            <property name="os" value="Windows 10 64bit"/>
            <property name="katalonVersion" value="6.2.1.2"/>
            <property name="browser" value="Firefox 66.0"/>
            <property name="hostAddress" value="172.16.6.68"/>
            <property name="sessionId" value="94b16a2b-a345-4f43-9c93-5ec97632a09c"/>
            <property name="seleniumVersion" value="3.141.59"/>
            <property name="proxyInformation" value="ProxyInformation{proxyOption=NO_PROXY, proxyServerType=HTTP, password=, proxyServerAddress=, proxyServerPort=0}"/>
            <property name="platform" value="Windows 10"/>
        </properties>
        <testcase name="Test Cases/SET_UP_BROWSER/launch_browser" classname="Test Cases/SET_UP_BROWSER/launch_browser" status="PASSED">
            <system-out>2019-07-12 17:48:42 - [TEST_CASE][PASSED] - Test Cases/SET_UP_BROWSER/launch_browser: Test Cases/SET_UP_BROWSER/launch_browser&#xD;
&#xD;
2019-07-12 17:48:43 - [TEST_STEP][PASSED] - openBrowser(BASE_URL): Browser is opened with url: 'https://www.liverpool.com.mx/tienda/home.jsp'&#xD;
&#xD;
2019-07-12 17:48:47 - [MESSAGE][INFO] - Starting 'Firefox' driver&#xD;
&#xD;
2019-07-12 17:48:47 - [MESSAGE][INFO] - Action delay is set to 0 seconds&#xD;
&#xD;
2019-07-12 17:49:05 - [MESSAGE][PASSED] - Browser is opened with url: 'https://www.liverpool.com.mx/tienda/home.jsp'&#xD;
&#xD;
2019-07-12 17:49:05 - [TEST_STEP][PASSED] - maximizeWindow(): Current window maximized&#xD;
&#xD;
2019-07-12 17:49:06 - [MESSAGE][PASSED] - Current window maximized</system-out>
            <system-err></system-err>
        </testcase>
        <testcase name="Test Cases/HOME_PAGE/search_product" classname="Test Cases/HOME_PAGE/search_product" status="PASSED">
            <system-out>2019-07-12 17:49:06 - [TEST_CASE][PASSED] - Test Cases/HOME_PAGE/search_product: Test Cases/HOME_PAGE/search_product&#xD;
&#xD;
2019-07-12 17:49:07 - [TEST_STEP][PASSED] - waitForElementClickable(findTestObject("HOME_PAGE/Header/input_search"), 3): Object 'Object Repository/HOME_PAGE/Header/input_search' is clickable&#xD;
&#xD;
2019-07-12 17:49:07 - [MESSAGE][PASSED] - Object 'Object Repository/HOME_PAGE/Header/input_search' is clickable&#xD;
&#xD;
2019-07-12 17:49:07 - [TEST_STEP][PASSED] - setText(findTestObject("HOME_PAGE/Header/input_search"), "Gold 3 Meses"): Text 'Gold 3 Meses' is set on object 'Object Repository/HOME_PAGE/Header/input_search'&#xD;
&#xD;
2019-07-12 17:49:07 - [MESSAGE][PASSED] - Text 'Gold 3 Meses' is set on object 'Object Repository/HOME_PAGE/Header/input_search'&#xD;
&#xD;
2019-07-12 17:49:07 - [TEST_STEP][PASSED] - click(findTestObject("HOME_PAGE/Header/button_search")): Object: 'Object Repository/HOME_PAGE/Header/button_search' is clicked on&#xD;
&#xD;
2019-07-12 17:49:14 - [MESSAGE][PASSED] - Object: 'Object Repository/HOME_PAGE/Header/button_search' is clicked on</system-out>
            <system-err></system-err>
        </testcase>
        <testcase name="Test Cases/PRODUCTS/DetailProduct/GeneralView/add_product_to_cart" classname="Test Cases/PRODUCTS/DetailProduct/GeneralView/add_product_to_cart" status="PASSED">
            <system-out>2019-07-12 17:49:14 - [TEST_CASE][PASSED] - Test Cases/PRODUCTS/DetailProduct/GeneralView/add_product_to_cart: Test Cases/PRODUCTS/DetailProduct/GeneralView/add_product_to_cart&#xD;
&#xD;
2019-07-12 17:49:15 - [TEST_STEP][PASSED] - waitForElementClickable(findTestObject("PRODUCTS/DetailProducts/input_qty"), 3): Object 'Object Repository/PRODUCTS/DetailProducts/input_qty' is clickable&#xD;
&#xD;
2019-07-12 17:49:16 - [MESSAGE][PASSED] - Object 'Object Repository/PRODUCTS/DetailProducts/input_qty' is clickable&#xD;
&#xD;
2019-07-12 17:49:16 - [TEST_STEP][PASSED] - for ([x = 1, x &lt;= 3, (x++)]): Delayed 1 second(s)&#xD;
&#xD;
2019-07-12 17:49:16 - [TEST_STEP][PASSED] - sendKeys(findTestObject("PRODUCTS/DetailProducts/input_qty"), Keys.chord(ARROW_UP)): Keys 'UP + ' sent to object: 'Object Repository/PRODUCTS/DetailProducts/input_qty'&#xD;
&#xD;
2019-07-12 17:49:16 - [MESSAGE][PASSED] - Keys 'UP + ' sent to object: 'Object Repository/PRODUCTS/DetailProducts/input_qty'&#xD;
&#xD;
2019-07-12 17:49:16 - [TEST_STEP][PASSED] - delay(1): Delayed 1 second(s)&#xD;
&#xD;
2019-07-12 17:49:17 - [MESSAGE][PASSED] - Delayed 1 second(s)&#xD;
&#xD;
2019-07-12 17:49:17 - [TEST_STEP][PASSED] - sendKeys(findTestObject("PRODUCTS/DetailProducts/input_qty"), Keys.chord(ARROW_UP)): Keys 'UP + ' sent to object: 'Object Repository/PRODUCTS/DetailProducts/input_qty'&#xD;
&#xD;
2019-07-12 17:49:17 - [MESSAGE][PASSED] - Keys 'UP + ' sent to object: 'Object Repository/PRODUCTS/DetailProducts/input_qty'&#xD;
&#xD;
2019-07-12 17:49:17 - [TEST_STEP][PASSED] - delay(1): Delayed 1 second(s)&#xD;
&#xD;
2019-07-12 17:49:18 - [MESSAGE][PASSED] - Delayed 1 second(s)&#xD;
&#xD;
2019-07-12 17:49:18 - [TEST_STEP][PASSED] - sendKeys(findTestObject("PRODUCTS/DetailProducts/input_qty"), Keys.chord(ARROW_UP)): Keys 'UP + ' sent to object: 'Object Repository/PRODUCTS/DetailProducts/input_qty'&#xD;
&#xD;
2019-07-12 17:49:19 - [MESSAGE][PASSED] - Keys 'UP + ' sent to object: 'Object Repository/PRODUCTS/DetailProducts/input_qty'&#xD;
&#xD;
2019-07-12 17:49:19 - [TEST_STEP][PASSED] - delay(1): Delayed 1 second(s)&#xD;
&#xD;
2019-07-12 17:49:20 - [MESSAGE][PASSED] - Delayed 1 second(s)&#xD;
&#xD;
2019-07-12 17:49:20 - [TEST_STEP][PASSED] - click(findTestObject("PRODUCTS/DetailProducts/button_add-shopping-cart")): Object: 'Object Repository/PRODUCTS/DetailProducts/button_add-shopping-cart' is clicked on&#xD;
&#xD;
2019-07-12 17:49:20 - [MESSAGE][PASSED] - Object: 'Object Repository/PRODUCTS/DetailProducts/button_add-shopping-cart' is clicked on&#xD;
&#xD;
2019-07-12 17:49:20 - [TEST_STEP][PASSED] - waitForElementVisible(findTestObject("PRODUCTS/DetailProducts/div_modal-product-added"), 3): Object 'Object Repository/PRODUCTS/DetailProducts/div_modal-product-added' is visible&#xD;
&#xD;
2019-07-12 17:49:21 - [MESSAGE][PASSED] - Object 'Object Repository/PRODUCTS/DetailProducts/div_modal-product-added' is visible&#xD;
&#xD;
2019-07-12 17:49:21 - [TEST_STEP][PASSED] - click(findTestObject("PRODUCTS/DetailProducts/button_close-modal-product-added")): Object: 'Object Repository/PRODUCTS/DetailProducts/button_close-modal-product-added' is clicked on&#xD;
&#xD;
2019-07-12 17:49:21 - [MESSAGE][PASSED] - Object: 'Object Repository/PRODUCTS/DetailProducts/button_close-modal-product-added' is clicked on</system-out>
            <system-err></system-err>
        </testcase>
        <testcase name="Test Cases/SET_UP_BROWSER/close_browser" classname="Test Cases/SET_UP_BROWSER/close_browser" status="PASSED">
            <system-out>2019-07-12 17:49:21 - [TEST_CASE][PASSED] - Test Cases/SET_UP_BROWSER/close_browser: Test Cases/SET_UP_BROWSER/close_browser&#xD;
&#xD;
2019-07-12 17:49:22 - [TEST_STEP][PASSED] - closeBrowser(): Browser is closed&#xD;
&#xD;
2019-07-12 17:49:25 - [MESSAGE][PASSED] - Browser is closed</system-out>
            <system-err></system-err>
        </testcase>
        <system-out>2019-07-12 17:48:41 - [TEST_SUITE][INCOMPLETE] - AddProductsToCart(FromSearch): null</system-out>
        <system-err>2019-07-12 17:48:41 - [TEST_SUITE][INCOMPLETE] - AddProductsToCart(FromSearch): null</system-err>
    </testsuite>
</testsuites>
