<?xml version="1.0" encoding="UTF-8" standalone="yes"?>
<testsuites name="SuccessSignUp" time="35" tests="5" failures="0" errors="0">
    <testsuite name="SuccessSignUp" tests="5" failures="0" errors="0" time="35" timestamp="2019-07-10 20:35:19" hostname="QualtopGroup - DESKTOP-JOAKIH6" id="Test Suites/SIGN_UP/SuccessSignUp">
        <properties>
            <property name="deviceName" value=""/>
            <property name="devicePlatform" value=""/>
            <property name="logFolder" value="C:\\Users\\QualtopGroup\\Katalon Studio\\QSSAT_Web_Liverpool\\Reports\\20190710_203233\\SIGN_UP\\SuccessSignUp\\20190710_203242"/>
            <property name="logFiles" value="C:\\Users\\QualtopGroup\\Katalon Studio\\QSSAT_Web_Liverpool\\Reports\\20190710_203233\\SIGN_UP\\SuccessSignUp\\20190710_203242\\execution0.log"/>
            <property name="attachments" value=""/>
            <property name="hostName" value="QualtopGroup - DESKTOP-JOAKIH6"/>
            <property name="os" value="Windows 10 64bit"/>
            <property name="katalonVersion" value="6.3.0.1"/>
            <property name="browser" value="Chrome 75.0.3770.100"/>
            <property name="hostAddress" value="192.168.56.1"/>
            <property name="sessionId" value="46d2ab62656578929a92684b22d5cb15"/>
            <property name="seleniumVersion" value="3.141.59"/>
            <property name="proxyInformation" value="ProxyInformation{proxyOption=NO_PROXY, proxyServerType=HTTP, password=, proxyServerAddress=, proxyServerPort=0}"/>
            <property name="platform" value="Windows 10"/>
        </properties>
        <testcase name="Test Cases/SET_UP_BROWSER/launch_browser" classname="Test Cases/SET_UP_BROWSER/launch_browser" status="PASSED">
            <system-out>2019-07-10 20:35:20 - [TEST_CASE][PASSED] - Test Cases/SET_UP_BROWSER/launch_browser: Test Cases/SET_UP_BROWSER/launch_browser&#xD;
&#xD;
2019-07-10 20:35:21 - [TEST_STEP][PASSED] - openBrowser(BASE_URL): Browser is opened with url: 'https://www.liverpool.com.mx/tienda/home.jsp'&#xD;
&#xD;
2019-07-10 20:35:23 - [MESSAGE][INFO] - Starting 'Chrome' driver&#xD;
&#xD;
2019-07-10 20:35:23 - [MESSAGE][INFO] - Action delay is set to 0 seconds&#xD;
&#xD;
2019-07-10 20:35:38 - [MESSAGE][PASSED] - Browser is opened with url: 'https://www.liverpool.com.mx/tienda/home.jsp'&#xD;
&#xD;
2019-07-10 20:35:38 - [TEST_STEP][PASSED] - maximizeWindow(): Current window maximized&#xD;
&#xD;
2019-07-10 20:35:40 - [MESSAGE][PASSED] - Current window maximized</system-out>
            <system-err></system-err>
        </testcase>
        <testcase name="Test Cases/LOG_IN/access_log_in" classname="Test Cases/LOG_IN/access_log_in" status="PASSED">
            <system-out>2019-07-10 20:35:40 - [TEST_CASE][PASSED] - Test Cases/LOG_IN/access_log_in: Test Cases/LOG_IN/access_log_in&#xD;
&#xD;
2019-07-10 20:35:40 - [TEST_STEP][PASSED] - click(findTestObject("HOME_PAGE/Header/button_login")): Object: 'Object Repository/HOME_PAGE/Header/button_login' is clicked on&#xD;
&#xD;
2019-07-10 20:35:42 - [MESSAGE][PASSED] - Object: 'Object Repository/HOME_PAGE/Header/button_login' is clicked on&#xD;
&#xD;
2019-07-10 20:35:42 - [TEST_STEP][PASSED] - waitForElementVisible(findTestObject("LOG_IN/iframe_log-in"), 3): Object 'Object Repository/LOG_IN/iframe_log-in' is visible&#xD;
&#xD;
2019-07-10 20:35:42 - [MESSAGE][PASSED] - Object 'Object Repository/LOG_IN/iframe_log-in' is visible</system-out>
            <system-err></system-err>
        </testcase>
        <testcase name="Test Cases/SIGN_UP/access_sign_up" classname="Test Cases/SIGN_UP/access_sign_up" status="PASSED">
            <system-out>2019-07-10 20:35:42 - [TEST_CASE][PASSED] - Test Cases/SIGN_UP/access_sign_up: Test Cases/SIGN_UP/access_sign_up&#xD;
&#xD;
2019-07-10 20:35:42 - [TEST_STEP][PASSED] - click(findTestObject("LOG_IN/button_sign-up")): Object: 'Object Repository/LOG_IN/button_sign-up' is clicked on&#xD;
&#xD;
2019-07-10 20:35:45 - [MESSAGE][PASSED] - Object: 'Object Repository/LOG_IN/button_sign-up' is clicked on&#xD;
&#xD;
2019-07-10 20:35:45 - [TEST_STEP][PASSED] - verifyElementVisible(findTestObject("GLOBAL/title_h1", ["txtTitle":"Beneficios de Registrarse"])): Object 'Object Repository/GLOBAL/title_h1' is visible&#xD;
&#xD;
2019-07-10 20:35:46 - [MESSAGE][PASSED] - Object 'Object Repository/GLOBAL/title_h1' is visible</system-out>
            <system-err></system-err>
        </testcase>
        <testcase name="Test Cases/SIGN_UP/success_sing_up" classname="Test Cases/SIGN_UP/success_sing_up" status="PASSED">
            <system-out>2019-07-10 20:35:46 - [TEST_CASE][PASSED] - Test Cases/SIGN_UP/success_sing_up: Test Cases/SIGN_UP/success_sing_up&#xD;
&#xD;
2019-07-10 20:35:46 - [TEST_STEP][PASSED] - random = new java.util.Random(): null&#xD;
&#xD;
2019-07-10 20:35:46 - [TEST_STEP][PASSED] - rand = random.nextInt(100): null&#xD;
&#xD;
2019-07-10 20:35:46 - [TEST_STEP][PASSED] - verifyElementClickable(findTestObject("SIGN_UP/button_accept")): Object 'Object Repository/SIGN_UP/button_accept' is clickable&#xD;
&#xD;
2019-07-10 20:35:46 - [MESSAGE][PASSED] - Object 'Object Repository/SIGN_UP/button_accept' is clickable&#xD;
&#xD;
2019-07-10 20:35:46 - [TEST_STEP][PASSED] - setText(findTestObject("SIGN_UP/input_email"), "iart" + rand + "@yopmail.com"): Text 'iart58@yopmail.com' is set on object 'Object Repository/SIGN_UP/input_email'&#xD;
&#xD;
2019-07-10 20:35:47 - [MESSAGE][PASSED] - Text 'iart58@yopmail.com' is set on object 'Object Repository/SIGN_UP/input_email'&#xD;
&#xD;
2019-07-10 20:35:47 - [TEST_STEP][PASSED] - setEncryptedText(findTestObject("SIGN_UP/input_password"), "cNkTP62zox2sjTkN4QiJDw=="): Text ****** has been set on object 'Object Repository/SIGN_UP/input_password'&#xD;
&#xD;
2019-07-10 20:35:48 - [MESSAGE][PASSED] - Text ****** has been set on object 'Object Repository/SIGN_UP/input_password'&#xD;
&#xD;
2019-07-10 20:35:48 - [TEST_STEP][PASSED] - setText(findTestObject("SIGN_UP/input_name"), "IAN"): Text 'IAN' is set on object 'Object Repository/SIGN_UP/input_name'&#xD;
&#xD;
2019-07-10 20:35:48 - [MESSAGE][PASSED] - Text 'IAN' is set on object 'Object Repository/SIGN_UP/input_name'&#xD;
&#xD;
2019-07-10 20:35:48 - [TEST_STEP][PASSED] - setText(findTestObject("SIGN_UP/input_last-name"), "ROMERO"): Text 'ROMERO' is set on object 'Object Repository/SIGN_UP/input_last-name'&#xD;
&#xD;
2019-07-10 20:35:49 - [MESSAGE][PASSED] - Text 'ROMERO' is set on object 'Object Repository/SIGN_UP/input_last-name'&#xD;
&#xD;
2019-07-10 20:35:49 - [TEST_STEP][PASSED] - setText(findTestObject("SIGN_UP/input_second-last-name"), "TORRES"): Text 'TORRES' is set on object 'Object Repository/SIGN_UP/input_second-last-name'&#xD;
&#xD;
2019-07-10 20:35:49 - [MESSAGE][PASSED] - Text 'TORRES' is set on object 'Object Repository/SIGN_UP/input_second-last-name'&#xD;
&#xD;
2019-07-10 20:35:49 - [TEST_STEP][PASSED] - selectOptionByLabel(findTestObject("SIGN_UP/select_day"), "27", false): All options with label '27' are selected in object 'Object Repository/SIGN_UP/select_day' &#xD;
&#xD;
2019-07-10 20:35:49 - [MESSAGE][PASSED] - All options with label '27' are selected in object 'Object Repository/SIGN_UP/select_day' &#xD;
&#xD;
2019-07-10 20:35:49 - [TEST_STEP][PASSED] - selectOptionByValue(findTestObject("SIGN_UP/select_month"), "6", false): All options with value '6' are selected in object 'Object Repository/SIGN_UP/select_month' &#xD;
&#xD;
2019-07-10 20:35:50 - [MESSAGE][PASSED] - All options with value '6' are selected in object 'Object Repository/SIGN_UP/select_month' &#xD;
&#xD;
2019-07-10 20:35:50 - [TEST_STEP][PASSED] - selectOptionByLabel(findTestObject("SIGN_UP/select_year"), "1998", false): All options with label '1998' are selected in object 'Object Repository/SIGN_UP/select_year' &#xD;
&#xD;
2019-07-10 20:35:50 - [MESSAGE][PASSED] - All options with label '1998' are selected in object 'Object Repository/SIGN_UP/select_year' &#xD;
&#xD;
2019-07-10 20:35:50 - [TEST_STEP][PASSED] - click(findTestObject("SIGN_UP/radio_male")): Object: 'Object Repository/SIGN_UP/radio_male' is clicked on&#xD;
&#xD;
2019-07-10 20:35:50 - [MESSAGE][PASSED] - Object: 'Object Repository/SIGN_UP/radio_male' is clicked on&#xD;
&#xD;
2019-07-10 20:35:50 - [TEST_STEP][PASSED] - click(findTestObject("SIGN_UP/button_accept")): Object: 'Object Repository/SIGN_UP/button_accept' is clicked on&#xD;
&#xD;
2019-07-10 20:35:54 - [MESSAGE][PASSED] - Object: 'Object Repository/SIGN_UP/button_accept' is clicked on&#xD;
&#xD;
2019-07-10 20:35:54 - [TEST_STEP][PASSED] - verifyElementText(findTestObject("LOG_IN/select_profile"), "IAN"): Actual text and expected text of test object 'Object Repository/LOG_IN/select_profile' are matched.&#xD;
&#xD;
2019-07-10 20:35:54 - [MESSAGE][PASSED] - Actual text and expected text of test object 'Object Repository/LOG_IN/select_profile' are matched.</system-out>
            <system-err></system-err>
        </testcase>
        <testcase name="Test Cases/SET_UP_BROWSER/close_browser" classname="Test Cases/SET_UP_BROWSER/close_browser" status="PASSED">
            <system-out>2019-07-10 20:35:54 - [TEST_CASE][PASSED] - Test Cases/SET_UP_BROWSER/close_browser: Test Cases/SET_UP_BROWSER/close_browser&#xD;
&#xD;
2019-07-10 20:35:54 - [TEST_STEP][PASSED] - closeBrowser(): Browser is closed&#xD;
&#xD;
2019-07-10 20:35:55 - [MESSAGE][PASSED] - Browser is closed</system-out>
            <system-err></system-err>
        </testcase>
        <system-out>2019-07-10 20:35:19 - [TEST_SUITE][INCOMPLETE] - SuccessSignUp: null</system-out>
        <system-err>2019-07-10 20:35:19 - [TEST_SUITE][INCOMPLETE] - SuccessSignUp: null</system-err>
    </testsuite>
</testsuites>
