<?xml version="1.0" encoding="UTF-8" standalone="yes"?>
<testsuites name="ValidationsForm" time="66" tests="6" failures="0" errors="0">
    <testsuite name="ValidationsForm" tests="6" failures="0" errors="0" time="66" timestamp="2019-07-12 20:38:30" hostname="QualtopGroup - DESKTOP-JOAKIH6.cyamoda.com" id="Test Suites/SIGN_UP/ValidationsForm">
        <properties>
            <property name="deviceName" value=""/>
            <property name="devicePlatform" value=""/>
            <property name="logFolder" value="C:\\Users\\QualtopGroup\\Katalon Studio\\QSSAT_Web_Liverpool\\Reports\\SIGN_UP\\ValidationsForm\\20190712_203826"/>
            <property name="logFiles" value="C:\\Users\\QualtopGroup\\Katalon Studio\\QSSAT_Web_Liverpool\\Reports\\SIGN_UP\\ValidationsForm\\20190712_203826\\execution0.log"/>
            <property name="attachments" value=""/>
            <property name="hostName" value="QualtopGroup - DESKTOP-JOAKIH6.cyamoda.com"/>
            <property name="os" value="Windows 10 64bit"/>
            <property name="katalonVersion" value="6.2.1.2"/>
            <property name="browser" value="Firefox 66.0"/>
            <property name="hostAddress" value="172.16.6.68"/>
            <property name="sessionId" value="7147f43b-d4e7-4d0a-9b9b-d4b136f5ee80"/>
            <property name="seleniumVersion" value="3.141.59"/>
            <property name="proxyInformation" value="ProxyInformation{proxyOption=NO_PROXY, proxyServerType=HTTP, password=, proxyServerAddress=, proxyServerPort=0}"/>
            <property name="platform" value="Windows 10"/>
        </properties>
        <testcase name="Test Cases/SET_UP_BROWSER/launch_browser" classname="Test Cases/SET_UP_BROWSER/launch_browser" status="PASSED">
            <system-out>2019-07-12 20:38:31 - [TEST_CASE][PASSED] - Test Cases/SET_UP_BROWSER/launch_browser: Test Cases/SET_UP_BROWSER/launch_browser&#xD;
&#xD;
2019-07-12 20:38:32 - [TEST_STEP][PASSED] - openBrowser(BASE_URL): Browser is opened with url: 'https://www.liverpool.com.mx/tienda/home.jsp'&#xD;
&#xD;
2019-07-12 20:38:33 - [MESSAGE][INFO] - Starting 'Firefox' driver&#xD;
&#xD;
2019-07-12 20:38:34 - [MESSAGE][INFO] - Action delay is set to 0 seconds&#xD;
&#xD;
2019-07-12 20:38:56 - [MESSAGE][PASSED] - Browser is opened with url: 'https://www.liverpool.com.mx/tienda/home.jsp'&#xD;
&#xD;
2019-07-12 20:38:56 - [TEST_STEP][PASSED] - maximizeWindow(): Current window maximized&#xD;
&#xD;
2019-07-12 20:38:57 - [MESSAGE][PASSED] - Current window maximized</system-out>
            <system-err></system-err>
        </testcase>
        <testcase name="Test Cases/SIGN_UP/access_sign_up" classname="Test Cases/SIGN_UP/access_sign_up" status="PASSED">
            <system-out>2019-07-12 20:38:57 - [TEST_CASE][PASSED] - Test Cases/SIGN_UP/access_sign_up: Test Cases/SIGN_UP/access_sign_up&#xD;
&#xD;
2019-07-12 20:38:58 - [TEST_STEP][PASSED] - callTestCase(findTestCase("LOG_IN/access_log_in"), [:], STOP_ON_FAILURE): Call Test Case 'Test Cases/LOG_IN/access_log_in' successfully&#xD;
&#xD;
2019-07-12 20:38:58 - [TEST_CASE][PASSED] - Test Cases/LOG_IN/access_log_in: Test Cases/LOG_IN/access_log_in&#xD;
&#xD;
2019-07-12 20:38:59 - [TEST_STEP][PASSED] - verifyElementClickable(findTestObject("HOME_PAGE/Header/button_login")): Object 'Object Repository/HOME_PAGE/Header/button_login' is clickable&#xD;
&#xD;
2019-07-12 20:39:01 - [MESSAGE][PASSED] - Object 'Object Repository/HOME_PAGE/Header/button_login' is clickable&#xD;
&#xD;
2019-07-12 20:39:01 - [TEST_STEP][PASSED] - click(findTestObject("HOME_PAGE/Header/button_login")): Object: 'Object Repository/HOME_PAGE/Header/button_login' is clicked on&#xD;
&#xD;
2019-07-12 20:39:02 - [MESSAGE][PASSED] - Object: 'Object Repository/HOME_PAGE/Header/button_login' is clicked on&#xD;
&#xD;
2019-07-12 20:39:02 - [TEST_STEP][PASSED] - waitForElementVisible(findTestObject("LOG_IN/iframe_log-in"), 3): Object 'Object Repository/LOG_IN/iframe_log-in' is visible&#xD;
&#xD;
2019-07-12 20:39:03 - [MESSAGE][PASSED] - Object 'Object Repository/LOG_IN/iframe_log-in' is visible&#xD;
&#xD;
2019-07-12 20:39:03 - [MESSAGE][PASSED] - Call Test Case 'Test Cases/LOG_IN/access_log_in' successfully&#xD;
&#xD;
2019-07-12 20:39:03 - [TEST_STEP][PASSED] - click(findTestObject("LOG_IN/button_sign-up")): Object: 'Object Repository/LOG_IN/button_sign-up' is clicked on&#xD;
&#xD;
2019-07-12 20:39:04 - [MESSAGE][PASSED] - Object: 'Object Repository/LOG_IN/button_sign-up' is clicked on&#xD;
&#xD;
2019-07-12 20:39:04 - [TEST_STEP][PASSED] - verifyElementVisible(findTestObject("GLOBAL/title_h1", ["txtTitle":"Beneficios de Registrarse"])): Object 'Object Repository/GLOBAL/title_h1' is visible&#xD;
&#xD;
2019-07-12 20:39:04 - [MESSAGE][PASSED] - Object 'Object Repository/GLOBAL/title_h1' is visible</system-out>
            <system-err></system-err>
        </testcase>
        <testcase name="Test Cases/SIGN_UP/email_format" classname="Test Cases/SIGN_UP/email_format" status="PASSED">
            <system-out>2019-07-12 20:39:04 - [TEST_CASE][PASSED] - Test Cases/SIGN_UP/email_format: Test Cases/SIGN_UP/email_format&#xD;
&#xD;
2019-07-12 20:39:05 - [TEST_STEP][PASSED] - callTestCase(findTestCase("SIGN_UP/prepare_form"), [:], STOP_ON_FAILURE): Call Test Case 'Test Cases/SIGN_UP/prepare_form' successfully&#xD;
&#xD;
2019-07-12 20:39:05 - [TEST_CASE][PASSED] - Test Cases/SIGN_UP/prepare_form: Test Cases/SIGN_UP/prepare_form&#xD;
&#xD;
2019-07-12 20:39:06 - [TEST_STEP][PASSED] - if (waitForElementVisible(findTestObject("LOG_IN/iframe_log-in"), 3, OPTIONAL) || waitForElementVisible(findTestObject("SIGN_UP/txt_alert-error"), 3, OPTIONAL)): Web element with id: 'Object Repository/SIGN_UP/txt_alert-error' located by 'By.xpath: //div[@class='alerta error']/p' not found&#xD;
&#xD;
2019-07-12 20:39:09 - [MESSAGE][INFO] - Unable to find the element located by 'By.xpath: //iframe[@class = 'fancybox-iframe']'. Please recheck the objects properties to make sure the desired element is located. &#xD;
&#xD;
2019-07-12 20:39:09 - [MESSAGE][WARNING] - Web element with id: 'Object Repository/LOG_IN/iframe_log-in' located by 'By.xpath: //iframe[@class = 'fancybox-iframe']' not found&#xD;
&#xD;
2019-07-12 20:39:12 - [MESSAGE][INFO] - Unable to find the element located by 'By.xpath: //div[@class='alerta error']/p'. Please recheck the objects properties to make sure the desired element is located. &#xD;
&#xD;
2019-07-12 20:39:12 - [MESSAGE][WARNING] - Web element with id: 'Object Repository/SIGN_UP/txt_alert-error' located by 'By.xpath: //div[@class='alerta error']/p' not found&#xD;
&#xD;
2019-07-12 20:39:12 - [MESSAGE][PASSED] - Call Test Case 'Test Cases/SIGN_UP/prepare_form' successfully&#xD;
&#xD;
2019-07-12 20:39:12 - [TEST_STEP][PASSED] - verifyElementClickable(findTestObject("SIGN_UP/button_accept")): Object 'Object Repository/SIGN_UP/button_accept' is clickable&#xD;
&#xD;
2019-07-12 20:39:12 - [MESSAGE][PASSED] - Object 'Object Repository/SIGN_UP/button_accept' is clickable&#xD;
&#xD;
2019-07-12 20:39:12 - [TEST_STEP][PASSED] - setText(findTestObject("SIGN_UP/input_email"), "iart6yopmail.com"): Text 'iart6yopmail.com' is set on object 'Object Repository/SIGN_UP/input_email'&#xD;
&#xD;
2019-07-12 20:39:13 - [MESSAGE][PASSED] - Text 'iart6yopmail.com' is set on object 'Object Repository/SIGN_UP/input_email'&#xD;
&#xD;
2019-07-12 20:39:13 - [TEST_STEP][PASSED] - click(findTestObject("SIGN_UP/button_accept")): Object: 'Object Repository/SIGN_UP/button_accept' is clicked on&#xD;
&#xD;
2019-07-12 20:39:13 - [MESSAGE][PASSED] - Object: 'Object Repository/SIGN_UP/button_accept' is clicked on&#xD;
&#xD;
2019-07-12 20:39:13 - [TEST_STEP][PASSED] - verifyMatch(xpath("//label[@class="error"]")).getText(), "Ingresa un email válido", false): Actual text 'Ingresa un email válido' and expected text 'Ingresa un email válido' are matched &#xD;
&#xD;
2019-07-12 20:39:13 - [MESSAGE][PASSED] - Actual text 'Ingresa un email válido' and expected text 'Ingresa un email válido' are matched</system-out>
            <system-err></system-err>
        </testcase>
        <testcase name="Test Cases/SIGN_UP/registered_user" classname="Test Cases/SIGN_UP/registered_user" status="PASSED">
            <system-out>2019-07-12 20:39:13 - [TEST_CASE][PASSED] - Test Cases/SIGN_UP/registered_user: Test Cases/SIGN_UP/registered_user&#xD;
&#xD;
2019-07-12 20:39:14 - [TEST_STEP][PASSED] - callTestCase(findTestCase("SIGN_UP/prepare_form"), [:], STOP_ON_FAILURE): Call Test Case 'Test Cases/SIGN_UP/prepare_form' successfully&#xD;
&#xD;
2019-07-12 20:39:14 - [TEST_CASE][PASSED] - Test Cases/SIGN_UP/prepare_form: Test Cases/SIGN_UP/prepare_form&#xD;
&#xD;
2019-07-12 20:39:14 - [TEST_STEP][PASSED] - if (waitForElementVisible(findTestObject("LOG_IN/iframe_log-in"), 3, OPTIONAL) || waitForElementVisible(findTestObject("SIGN_UP/txt_alert-error"), 3, OPTIONAL)): Web element with id: 'Object Repository/SIGN_UP/txt_alert-error' located by 'By.xpath: //div[@class='alerta error']/p' not found&#xD;
&#xD;
2019-07-12 20:39:17 - [MESSAGE][INFO] - Unable to find the element located by 'By.xpath: //iframe[@class = 'fancybox-iframe']'. Please recheck the objects properties to make sure the desired element is located. &#xD;
&#xD;
2019-07-12 20:39:17 - [MESSAGE][WARNING] - Web element with id: 'Object Repository/LOG_IN/iframe_log-in' located by 'By.xpath: //iframe[@class = 'fancybox-iframe']' not found&#xD;
&#xD;
2019-07-12 20:39:20 - [MESSAGE][INFO] - Unable to find the element located by 'By.xpath: //div[@class='alerta error']/p'. Please recheck the objects properties to make sure the desired element is located. &#xD;
&#xD;
2019-07-12 20:39:20 - [MESSAGE][WARNING] - Web element with id: 'Object Repository/SIGN_UP/txt_alert-error' located by 'By.xpath: //div[@class='alerta error']/p' not found&#xD;
&#xD;
2019-07-12 20:39:20 - [MESSAGE][PASSED] - Call Test Case 'Test Cases/SIGN_UP/prepare_form' successfully&#xD;
&#xD;
2019-07-12 20:39:20 - [TEST_STEP][PASSED] - verifyElementClickable(findTestObject("SIGN_UP/button_accept")): Object 'Object Repository/SIGN_UP/button_accept' is clickable&#xD;
&#xD;
2019-07-12 20:39:20 - [MESSAGE][PASSED] - Object 'Object Repository/SIGN_UP/button_accept' is clickable&#xD;
&#xD;
2019-07-12 20:39:20 - [TEST_STEP][PASSED] - setText(findTestObject("SIGN_UP/input_email"), "iart60910@yopmail.com"): Text 'iart60910@yopmail.com' is set on object 'Object Repository/SIGN_UP/input_email'&#xD;
&#xD;
2019-07-12 20:39:21 - [MESSAGE][PASSED] - Text 'iart60910@yopmail.com' is set on object 'Object Repository/SIGN_UP/input_email'&#xD;
&#xD;
2019-07-12 20:39:21 - [TEST_STEP][PASSED] - setEncryptedText(findTestObject("SIGN_UP/input_password"), "cNkTP62zox2sjTkN4QiJDw=="): Text ****** has been set on object 'Object Repository/SIGN_UP/input_password'&#xD;
&#xD;
2019-07-12 20:39:21 - [MESSAGE][PASSED] - Text ****** has been set on object 'Object Repository/SIGN_UP/input_password'&#xD;
&#xD;
2019-07-12 20:39:21 - [TEST_STEP][PASSED] - setText(findTestObject("SIGN_UP/input_name"), "IAN"): Text 'IAN' is set on object 'Object Repository/SIGN_UP/input_name'&#xD;
&#xD;
2019-07-12 20:39:21 - [MESSAGE][PASSED] - Text 'IAN' is set on object 'Object Repository/SIGN_UP/input_name'&#xD;
&#xD;
2019-07-12 20:39:21 - [TEST_STEP][PASSED] - setText(findTestObject("SIGN_UP/input_last-name"), "ROMERO"): Text 'ROMERO' is set on object 'Object Repository/SIGN_UP/input_last-name'&#xD;
&#xD;
2019-07-12 20:39:21 - [MESSAGE][PASSED] - Text 'ROMERO' is set on object 'Object Repository/SIGN_UP/input_last-name'&#xD;
&#xD;
2019-07-12 20:39:21 - [TEST_STEP][PASSED] - setText(findTestObject("SIGN_UP/input_second-last-name"), "TORRES"): Text 'TORRES' is set on object 'Object Repository/SIGN_UP/input_second-last-name'&#xD;
&#xD;
2019-07-12 20:39:21 - [MESSAGE][PASSED] - Text 'TORRES' is set on object 'Object Repository/SIGN_UP/input_second-last-name'&#xD;
&#xD;
2019-07-12 20:39:21 - [TEST_STEP][PASSED] - selectOptionByLabel(findTestObject("SIGN_UP/select_day"), "27", false): All options with label '27' are selected in object 'Object Repository/SIGN_UP/select_day' &#xD;
&#xD;
2019-07-12 20:39:22 - [MESSAGE][PASSED] - All options with label '27' are selected in object 'Object Repository/SIGN_UP/select_day' &#xD;
&#xD;
2019-07-12 20:39:22 - [TEST_STEP][PASSED] - selectOptionByValue(findTestObject("SIGN_UP/select_month"), "6", false): All options with value '6' are selected in object 'Object Repository/SIGN_UP/select_month' &#xD;
&#xD;
2019-07-12 20:39:22 - [MESSAGE][PASSED] - All options with value '6' are selected in object 'Object Repository/SIGN_UP/select_month' &#xD;
&#xD;
2019-07-12 20:39:22 - [TEST_STEP][PASSED] - selectOptionByLabel(findTestObject("SIGN_UP/select_year"), "1998", false): All options with label '1998' are selected in object 'Object Repository/SIGN_UP/select_year' &#xD;
&#xD;
2019-07-12 20:39:23 - [MESSAGE][PASSED] - All options with label '1998' are selected in object 'Object Repository/SIGN_UP/select_year' &#xD;
&#xD;
2019-07-12 20:39:23 - [TEST_STEP][PASSED] - click(findTestObject("SIGN_UP/radio_male")): Object: 'Object Repository/SIGN_UP/radio_male' is clicked on&#xD;
&#xD;
2019-07-12 20:39:23 - [MESSAGE][PASSED] - Object: 'Object Repository/SIGN_UP/radio_male' is clicked on&#xD;
&#xD;
2019-07-12 20:39:23 - [TEST_STEP][PASSED] - click(findTestObject("SIGN_UP/button_accept")): Object: 'Object Repository/SIGN_UP/button_accept' is clicked on&#xD;
&#xD;
2019-07-12 20:39:25 - [MESSAGE][PASSED] - Object: 'Object Repository/SIGN_UP/button_accept' is clicked on&#xD;
&#xD;
2019-07-12 20:39:25 - [TEST_STEP][PASSED] - verifyElementText(findTestObject("SIGN_UP/txt_alert-error"), "Esta dirección de Correo Electrónico ya ha sido registrada previamente. Por favor anota una diferente."): Actual text and expected text of test object 'Object Repository/SIGN_UP/txt_alert-error' are matched.&#xD;
&#xD;
2019-07-12 20:39:25 - [MESSAGE][PASSED] - Actual text and expected text of test object 'Object Repository/SIGN_UP/txt_alert-error' are matched.</system-out>
            <system-err></system-err>
        </testcase>
        <testcase name="Test Cases/SIGN_UP/empty_form" classname="Test Cases/SIGN_UP/empty_form" status="PASSED">
            <system-out>2019-07-12 20:39:25 - [TEST_CASE][PASSED] - Test Cases/SIGN_UP/empty_form: Test Cases/SIGN_UP/empty_form&#xD;
&#xD;
2019-07-12 20:39:26 - [TEST_STEP][PASSED] - callTestCase(findTestCase("SIGN_UP/prepare_form"), [:], STOP_ON_FAILURE): Call Test Case 'Test Cases/SIGN_UP/prepare_form' successfully&#xD;
&#xD;
2019-07-12 20:39:26 - [TEST_CASE][PASSED] - Test Cases/SIGN_UP/prepare_form: Test Cases/SIGN_UP/prepare_form&#xD;
&#xD;
2019-07-12 20:39:26 - [TEST_STEP][PASSED] - if (waitForElementVisible(findTestObject("LOG_IN/iframe_log-in"), 3, OPTIONAL) || waitForElementVisible(findTestObject("SIGN_UP/txt_alert-error"), 3, OPTIONAL)): Refresh successfully&#xD;
&#xD;
2019-07-12 20:39:29 - [MESSAGE][INFO] - Unable to find the element located by 'By.xpath: //iframe[@class = 'fancybox-iframe']'. Please recheck the objects properties to make sure the desired element is located. &#xD;
&#xD;
2019-07-12 20:39:29 - [MESSAGE][WARNING] - Web element with id: 'Object Repository/LOG_IN/iframe_log-in' located by 'By.xpath: //iframe[@class = 'fancybox-iframe']' not found&#xD;
&#xD;
2019-07-12 20:39:29 - [MESSAGE][PASSED] - Object 'Object Repository/SIGN_UP/txt_alert-error' is visible&#xD;
&#xD;
2019-07-12 20:39:29 - [TEST_STEP][PASSED] - refresh(): Refresh successfully&#xD;
&#xD;
2019-07-12 20:39:32 - [MESSAGE][PASSED] - Refresh successfully&#xD;
&#xD;
2019-07-12 20:39:32 - [MESSAGE][PASSED] - Call Test Case 'Test Cases/SIGN_UP/prepare_form' successfully&#xD;
&#xD;
2019-07-12 20:39:32 - [TEST_STEP][PASSED] - verifyElementClickable(findTestObject("SIGN_UP/button_accept")): Object 'Object Repository/SIGN_UP/button_accept' is clickable&#xD;
&#xD;
2019-07-12 20:39:32 - [MESSAGE][PASSED] - Object 'Object Repository/SIGN_UP/button_accept' is clickable&#xD;
&#xD;
2019-07-12 20:39:32 - [TEST_STEP][PASSED] - click(findTestObject("SIGN_UP/button_accept")): Object: 'Object Repository/SIGN_UP/button_accept' is clicked on&#xD;
&#xD;
2019-07-12 20:39:33 - [MESSAGE][PASSED] - Object: 'Object Repository/SIGN_UP/button_accept' is clicked on&#xD;
&#xD;
2019-07-12 20:39:33 - [TEST_STEP][PASSED] - for (def e : getWebDriver().findElements(By.xpath("//label[@class="error"]"))): null&#xD;
&#xD;
2019-07-12 20:39:33 - [TEST_STEP][PASSED] - actualReqFields.add(e.getText()): null&#xD;
&#xD;
2019-07-12 20:39:33 - [TEST_STEP][PASSED] - actualReqFields.add(e.getText()): null&#xD;
&#xD;
2019-07-12 20:39:33 - [TEST_STEP][PASSED] - actualReqFields.add(e.getText()): null&#xD;
&#xD;
2019-07-12 20:39:33 - [TEST_STEP][PASSED] - actualReqFields.add(e.getText()): null&#xD;
&#xD;
2019-07-12 20:39:33 - [TEST_STEP][PASSED] - actualReqFields.add(e.getText()): null&#xD;
&#xD;
2019-07-12 20:39:33 - [TEST_STEP][PASSED] - actualReqFields.add(e.getText()): null&#xD;
&#xD;
2019-07-12 20:39:33 - [TEST_STEP][PASSED] - actualReqFields.add(e.getText()): null&#xD;
&#xD;
2019-07-12 20:39:33 - [TEST_STEP][PASSED] - actualReqFields.add(e.getText()): null&#xD;
&#xD;
2019-07-12 20:39:33 - [TEST_STEP][PASSED] - actualReqFields.add(e.getText()): null&#xD;
&#xD;
2019-07-12 20:39:33 - [TEST_STEP][PASSED] - for ([x = 0, x &lt;= requiredFields.size() - 1, (x++)]): 

 ¡¡ Si se encontro: Introduce tu correo electrónico !! 

&#xD;
&#xD;
2019-07-12 20:39:33 - [TEST_STEP][PASSED] - if (actualReqFields.contains(requiredFields.get(x))): 

 ¡¡ Si se encontro: Introduce tu nombre !! 

&#xD;
&#xD;
2019-07-12 20:39:33 - [TEST_STEP][PASSED] - logInfo("

 ¡¡ Si se encontro: " + get(x).toString() + " !! 

"): 

 ¡¡ Si se encontro: Introduce tu nombre !! 

&#xD;
&#xD;
2019-07-12 20:39:33 - [MESSAGE][INFO] - 

 ¡¡ Si se encontro: Introduce tu nombre !! 

&#xD;
&#xD;
2019-07-12 20:39:33 - [TEST_STEP][PASSED] - if (actualReqFields.contains(requiredFields.get(x))): 

 ¡¡ Si se encontro: Por favor introduzca el apellido paterno !! 

&#xD;
&#xD;
2019-07-12 20:39:33 - [TEST_STEP][PASSED] - logInfo("

 ¡¡ Si se encontro: " + get(x).toString() + " !! 

"): 

 ¡¡ Si se encontro: Por favor introduzca el apellido paterno !! 

&#xD;
&#xD;
2019-07-12 20:39:33 - [MESSAGE][INFO] - 

 ¡¡ Si se encontro: Por favor introduzca el apellido paterno !! 

&#xD;
&#xD;
2019-07-12 20:39:33 - [TEST_STEP][PASSED] - if (actualReqFields.contains(requiredFields.get(x))): 

 ¡¡ Si se encontro: El dia es requerido !! 

&#xD;
&#xD;
2019-07-12 20:39:33 - [TEST_STEP][PASSED] - logInfo("

 ¡¡ Si se encontro: " + get(x).toString() + " !! 

"): 

 ¡¡ Si se encontro: El dia es requerido !! 

&#xD;
&#xD;
2019-07-12 20:39:33 - [MESSAGE][INFO] - 

 ¡¡ Si se encontro: El dia es requerido !! 

&#xD;
&#xD;
2019-07-12 20:39:33 - [TEST_STEP][PASSED] - if (actualReqFields.contains(requiredFields.get(x))): 

 ¡¡ Si se encontro: El mes es requerido !! 

&#xD;
&#xD;
2019-07-12 20:39:33 - [TEST_STEP][PASSED] - logInfo("

 ¡¡ Si se encontro: " + get(x).toString() + " !! 

"): 

 ¡¡ Si se encontro: El mes es requerido !! 

&#xD;
&#xD;
2019-07-12 20:39:33 - [MESSAGE][INFO] - 

 ¡¡ Si se encontro: El mes es requerido !! 

&#xD;
&#xD;
2019-07-12 20:39:33 - [TEST_STEP][PASSED] - if (actualReqFields.contains(requiredFields.get(x))): 

 ¡¡ Si se encontro: El año es requerido !! 

&#xD;
&#xD;
2019-07-12 20:39:33 - [TEST_STEP][PASSED] - logInfo("

 ¡¡ Si se encontro: " + get(x).toString() + " !! 

"): 

 ¡¡ Si se encontro: El año es requerido !! 

&#xD;
&#xD;
2019-07-12 20:39:33 - [MESSAGE][INFO] - 

 ¡¡ Si se encontro: El año es requerido !! 

&#xD;
&#xD;
2019-07-12 20:39:33 - [TEST_STEP][PASSED] - if (actualReqFields.contains(requiredFields.get(x))): 

 ¡¡ Si se encontro: Por favor selecciona el Sexo. !! 

&#xD;
&#xD;
2019-07-12 20:39:33 - [TEST_STEP][PASSED] - logInfo("

 ¡¡ Si se encontro: " + get(x).toString() + " !! 

"): 

 ¡¡ Si se encontro: Por favor selecciona el Sexo. !! 

&#xD;
&#xD;
2019-07-12 20:39:33 - [MESSAGE][INFO] - 

 ¡¡ Si se encontro: Por favor selecciona el Sexo. !! 

&#xD;
&#xD;
2019-07-12 20:39:33 - [TEST_STEP][PASSED] - if (actualReqFields.contains(requiredFields.get(x))): 

 ¡¡ Si se encontro: Introduce tu Apellido Materno. !! 

&#xD;
&#xD;
2019-07-12 20:39:33 - [TEST_STEP][PASSED] - logInfo("

 ¡¡ Si se encontro: " + get(x).toString() + " !! 

"): 

 ¡¡ Si se encontro: Introduce tu Apellido Materno. !! 

&#xD;
&#xD;
2019-07-12 20:39:33 - [MESSAGE][INFO] - 

 ¡¡ Si se encontro: Introduce tu Apellido Materno. !! 

&#xD;
&#xD;
2019-07-12 20:39:33 - [TEST_STEP][PASSED] - if (actualReqFields.contains(requiredFields.get(x))): 

 ¡¡ Si se encontro: Introduce tu contraseña !! 

&#xD;
&#xD;
2019-07-12 20:39:33 - [TEST_STEP][PASSED] - logInfo("

 ¡¡ Si se encontro: " + get(x).toString() + " !! 

"): 

 ¡¡ Si se encontro: Introduce tu contraseña !! 

&#xD;
&#xD;
2019-07-12 20:39:33 - [MESSAGE][INFO] - 

 ¡¡ Si se encontro: Introduce tu contraseña !! 

&#xD;
&#xD;
2019-07-12 20:39:33 - [TEST_STEP][PASSED] - if (actualReqFields.contains(requiredFields.get(x))): 

 ¡¡ Si se encontro: Introduce tu correo electrónico !! 

&#xD;
&#xD;
2019-07-12 20:39:33 - [TEST_STEP][PASSED] - logInfo("

 ¡¡ Si se encontro: " + get(x).toString() + " !! 

"): 

 ¡¡ Si se encontro: Introduce tu correo electrónico !! 

&#xD;
&#xD;
2019-07-12 20:39:33 - [MESSAGE][INFO] - 

 ¡¡ Si se encontro: Introduce tu correo electrónico !! 

&#xD;
&#xD;
2019-07-12 20:39:33 - [TEST_STEP][PASSED] - verifyEqual(flagFail, false): Actual object 'false' and expected object 'false' are equal&#xD;
&#xD;
2019-07-12 20:39:33 - [MESSAGE][PASSED] - Actual object 'false' and expected object 'false' are equal</system-out>
            <system-err></system-err>
        </testcase>
        <testcase name="Test Cases/SET_UP_BROWSER/close_browser" classname="Test Cases/SET_UP_BROWSER/close_browser" status="PASSED">
            <system-out>2019-07-12 20:39:33 - [TEST_CASE][PASSED] - Test Cases/SET_UP_BROWSER/close_browser: Test Cases/SET_UP_BROWSER/close_browser&#xD;
&#xD;
2019-07-12 20:39:33 - [TEST_STEP][PASSED] - closeBrowser(): Browser is closed&#xD;
&#xD;
2019-07-12 20:39:37 - [MESSAGE][PASSED] - Browser is closed</system-out>
            <system-err></system-err>
        </testcase>
        <system-out>2019-07-12 20:38:30 - [TEST_SUITE][INCOMPLETE] - ValidationsForm: null</system-out>
        <system-err>2019-07-12 20:38:30 - [TEST_SUITE][INCOMPLETE] - ValidationsForm: null</system-err>
    </testsuite>
</testsuites>
