<?xml version="1.0" encoding="UTF-8" standalone="yes"?>
<testsuites name="AddProcutsToCart(FromCatalog)" time="50" tests="5" failures="0" errors="0">
    <testsuite name="AddProcutsToCart(FromCatalog)" tests="5" failures="0" errors="0" time="50" timestamp="2019-07-12 17:47:16" hostname="QualtopGroup - DESKTOP-JOAKIH6.cyamoda.com" id="Test Suites/PRODUCTS/AddProcutsToCart(FromCatalog)">
        <properties>
            <property name="deviceName" value=""/>
            <property name="devicePlatform" value=""/>
            <property name="logFolder" value="C:\\Users\\QualtopGroup\\Katalon Studio\\QSSAT_Web_Liverpool\\Reports\\PRODUCTS\\AddProcutsToCart(FromCatalog)\\20190712_174710"/>
            <property name="logFiles" value="C:\\Users\\QualtopGroup\\Katalon Studio\\QSSAT_Web_Liverpool\\Reports\\PRODUCTS\\AddProcutsToCart(FromCatalog)\\20190712_174710\\execution0.log"/>
            <property name="attachments" value=""/>
            <property name="hostName" value="QualtopGroup - DESKTOP-JOAKIH6.cyamoda.com"/>
            <property name="os" value="Windows 10 64bit"/>
            <property name="katalonVersion" value="6.2.1.2"/>
            <property name="browser" value="Firefox 66.0"/>
            <property name="hostAddress" value="172.16.6.68"/>
            <property name="sessionId" value="01fdb115-d2e2-4971-812b-de6437b0d3b8"/>
            <property name="seleniumVersion" value="3.141.59"/>
            <property name="proxyInformation" value="ProxyInformation{proxyOption=NO_PROXY, proxyServerType=HTTP, password=, proxyServerAddress=, proxyServerPort=0}"/>
            <property name="platform" value="Windows 10"/>
        </properties>
        <testcase name="Test Cases/SET_UP_BROWSER/launch_browser" classname="Test Cases/SET_UP_BROWSER/launch_browser" status="PASSED">
            <system-out>2019-07-12 17:47:17 - [TEST_CASE][PASSED] - Test Cases/SET_UP_BROWSER/launch_browser: Test Cases/SET_UP_BROWSER/launch_browser&#xD;
&#xD;
2019-07-12 17:47:18 - [TEST_STEP][PASSED] - openBrowser(BASE_URL): Browser is opened with url: 'https://www.liverpool.com.mx/tienda/home.jsp'&#xD;
&#xD;
2019-07-12 17:47:19 - [MESSAGE][INFO] - Starting 'Firefox' driver&#xD;
&#xD;
2019-07-12 17:47:19 - [MESSAGE][INFO] - Action delay is set to 0 seconds&#xD;
&#xD;
2019-07-12 17:47:33 - [MESSAGE][PASSED] - Browser is opened with url: 'https://www.liverpool.com.mx/tienda/home.jsp'&#xD;
&#xD;
2019-07-12 17:47:33 - [TEST_STEP][PASSED] - maximizeWindow(): Current window maximized&#xD;
&#xD;
2019-07-12 17:47:34 - [MESSAGE][PASSED] - Current window maximized</system-out>
            <system-err></system-err>
        </testcase>
        <testcase name="Test Cases/HOME_PAGE/access_section_products" classname="Test Cases/HOME_PAGE/access_section_products" status="PASSED">
            <system-out>2019-07-12 17:47:34 - [TEST_CASE][PASSED] - Test Cases/HOME_PAGE/access_section_products: Test Cases/HOME_PAGE/access_section_products&#xD;
&#xD;
2019-07-12 17:47:35 - [TEST_STEP][PASSED] - waitForElementVisible(findTestObject("HOME_PAGE/NavBar/ul-menu", ["nameMenu":"Departamentos"]), 3): Object 'Object Repository/HOME_PAGE/NavBar/ul-menu' is visible&#xD;
&#xD;
2019-07-12 17:47:41 - [MESSAGE][PASSED] - Object 'Object Repository/HOME_PAGE/NavBar/ul-menu' is visible&#xD;
&#xD;
2019-07-12 17:47:41 - [TEST_STEP][PASSED] - mouseOver(findTestObject("HOME_PAGE/NavBar/ul-menu", ["nameMenu":"Departamentos"])): Object: 'Object Repository/HOME_PAGE/NavBar/ul-menu' is hovered&#xD;
&#xD;
2019-07-12 17:47:41 - [MESSAGE][PASSED] - Object: 'Object Repository/HOME_PAGE/NavBar/ul-menu' is hovered&#xD;
&#xD;
2019-07-12 17:47:41 - [TEST_STEP][PASSED] - delay(1): Delayed 1 second(s)&#xD;
&#xD;
2019-07-12 17:47:42 - [MESSAGE][PASSED] - Delayed 1 second(s)&#xD;
&#xD;
2019-07-12 17:47:42 - [TEST_STEP][PASSED] - mouseOver(findTestObject("HOME_PAGE/NavBar/li_sub-menu", ["nameOption":"Videojuegos"])): Object: 'Object Repository/HOME_PAGE/NavBar/li_sub-menu' is hovered&#xD;
&#xD;
2019-07-12 17:47:42 - [MESSAGE][PASSED] - Object: 'Object Repository/HOME_PAGE/NavBar/li_sub-menu' is hovered&#xD;
&#xD;
2019-07-12 17:47:42 - [TEST_STEP][PASSED] - delay(1): Delayed 1 second(s)&#xD;
&#xD;
2019-07-12 17:47:43 - [MESSAGE][PASSED] - Delayed 1 second(s)&#xD;
&#xD;
2019-07-12 17:47:43 - [TEST_STEP][PASSED] - click(findTestObject("HOME_PAGE/NavBar/a_section", ["nameTitleSection":"Accesorios", "nameSection":"XBOX"])): Object: 'Object Repository/HOME_PAGE/NavBar/a_section' is clicked on&#xD;
&#xD;
2019-07-12 17:47:49 - [MESSAGE][PASSED] - Object: 'Object Repository/HOME_PAGE/NavBar/a_section' is clicked on&#xD;
&#xD;
2019-07-12 17:47:49 - [TEST_STEP][PASSED] - waitForElementVisible(findTestObject("PRODUCTS/CatalogProducts/span_total-products"), 3): Object 'Object Repository/PRODUCTS/CatalogProducts/span_total-products' is visible&#xD;
&#xD;
2019-07-12 17:47:49 - [MESSAGE][PASSED] - Object 'Object Repository/PRODUCTS/CatalogProducts/span_total-products' is visible</system-out>
            <system-err></system-err>
        </testcase>
        <testcase name="Test Cases/PRODUCTS/CatalogProducts/GridProducts/select_product_catalog" classname="Test Cases/PRODUCTS/CatalogProducts/GridProducts/select_product_catalog" status="PASSED">
            <system-out>2019-07-12 17:47:49 - [TEST_CASE][PASSED] - Test Cases/PRODUCTS/CatalogProducts/GridProducts/select_product_catalog: Test Cases/PRODUCTS/CatalogProducts/GridProducts/select_product_catalog&#xD;
&#xD;
2019-07-12 17:47:50 - [TEST_STEP][PASSED] - waitForElementVisible(findTestObject("PRODUCTS/CatalogProducts/span_total-products"), 3): Object 'Object Repository/PRODUCTS/CatalogProducts/span_total-products' is visible&#xD;
&#xD;
2019-07-12 17:47:50 - [MESSAGE][PASSED] - Object 'Object Repository/PRODUCTS/CatalogProducts/span_total-products' is visible&#xD;
&#xD;
2019-07-12 17:47:50 - [TEST_STEP][PASSED] - click(findTestObject("PRODUCTS/CatalogProducts/li_product", ["nameProduct":"Gold 3 Meses"])): Object: 'Object Repository/PRODUCTS/CatalogProducts/li_product' is clicked on&#xD;
&#xD;
2019-07-12 17:47:55 - [MESSAGE][PASSED] - Object: 'Object Repository/PRODUCTS/CatalogProducts/li_product' is clicked on&#xD;
&#xD;
2019-07-12 17:47:55 - [TEST_STEP][PASSED] - waitForElementNotVisible(findTestObject("PRODUCTS/CatalogProducts/span_total-products"), 3): Web element with id: 'Object Repository/PRODUCTS/CatalogProducts/span_total-products' located by 'By.xpath: //div[@id='product-total']/p/span' not found&#xD;
&#xD;
2019-07-12 17:47:59 - [MESSAGE][INFO] - Unable to find the element located by 'By.xpath: //div[@id='product-total']/p/span'. Please recheck the objects properties to make sure the desired element is located. &#xD;
&#xD;
2019-07-12 17:47:59 - [MESSAGE][WARNING] - Web element with id: 'Object Repository/PRODUCTS/CatalogProducts/span_total-products' located by 'By.xpath: //div[@id='product-total']/p/span' not found</system-out>
            <system-err></system-err>
        </testcase>
        <testcase name="Test Cases/PRODUCTS/DetailProduct/GeneralView/add_product_to_cart" classname="Test Cases/PRODUCTS/DetailProduct/GeneralView/add_product_to_cart" status="PASSED">
            <system-out>2019-07-12 17:47:59 - [TEST_CASE][PASSED] - Test Cases/PRODUCTS/DetailProduct/GeneralView/add_product_to_cart: Test Cases/PRODUCTS/DetailProduct/GeneralView/add_product_to_cart&#xD;
&#xD;
2019-07-12 17:47:59 - [TEST_STEP][PASSED] - waitForElementClickable(findTestObject("PRODUCTS/DetailProducts/input_qty"), 3): Object 'Object Repository/PRODUCTS/DetailProducts/input_qty' is clickable&#xD;
&#xD;
2019-07-12 17:47:59 - [MESSAGE][PASSED] - Object 'Object Repository/PRODUCTS/DetailProducts/input_qty' is clickable&#xD;
&#xD;
2019-07-12 17:47:59 - [TEST_STEP][PASSED] - for ([x = 1, x &lt;= 3, (x++)]): Delayed 1 second(s)&#xD;
&#xD;
2019-07-12 17:47:59 - [TEST_STEP][PASSED] - sendKeys(findTestObject("PRODUCTS/DetailProducts/input_qty"), Keys.chord(ARROW_UP)): Keys 'UP + ' sent to object: 'Object Repository/PRODUCTS/DetailProducts/input_qty'&#xD;
&#xD;
2019-07-12 17:47:59 - [MESSAGE][PASSED] - Keys 'UP + ' sent to object: 'Object Repository/PRODUCTS/DetailProducts/input_qty'&#xD;
&#xD;
2019-07-12 17:47:59 - [TEST_STEP][PASSED] - delay(1): Delayed 1 second(s)&#xD;
&#xD;
2019-07-12 17:48:00 - [MESSAGE][PASSED] - Delayed 1 second(s)&#xD;
&#xD;
2019-07-12 17:48:00 - [TEST_STEP][PASSED] - sendKeys(findTestObject("PRODUCTS/DetailProducts/input_qty"), Keys.chord(ARROW_UP)): Keys 'UP + ' sent to object: 'Object Repository/PRODUCTS/DetailProducts/input_qty'&#xD;
&#xD;
2019-07-12 17:48:00 - [MESSAGE][PASSED] - Keys 'UP + ' sent to object: 'Object Repository/PRODUCTS/DetailProducts/input_qty'&#xD;
&#xD;
2019-07-12 17:48:00 - [TEST_STEP][PASSED] - delay(1): Delayed 1 second(s)&#xD;
&#xD;
2019-07-12 17:48:01 - [MESSAGE][PASSED] - Delayed 1 second(s)&#xD;
&#xD;
2019-07-12 17:48:01 - [TEST_STEP][PASSED] - sendKeys(findTestObject("PRODUCTS/DetailProducts/input_qty"), Keys.chord(ARROW_UP)): Keys 'UP + ' sent to object: 'Object Repository/PRODUCTS/DetailProducts/input_qty'&#xD;
&#xD;
2019-07-12 17:48:02 - [MESSAGE][PASSED] - Keys 'UP + ' sent to object: 'Object Repository/PRODUCTS/DetailProducts/input_qty'&#xD;
&#xD;
2019-07-12 17:48:02 - [TEST_STEP][PASSED] - delay(1): Delayed 1 second(s)&#xD;
&#xD;
2019-07-12 17:48:03 - [MESSAGE][PASSED] - Delayed 1 second(s)&#xD;
&#xD;
2019-07-12 17:48:03 - [TEST_STEP][PASSED] - click(findTestObject("PRODUCTS/DetailProducts/button_add-shopping-cart")): Object: 'Object Repository/PRODUCTS/DetailProducts/button_add-shopping-cart' is clicked on&#xD;
&#xD;
2019-07-12 17:48:03 - [MESSAGE][PASSED] - Object: 'Object Repository/PRODUCTS/DetailProducts/button_add-shopping-cart' is clicked on&#xD;
&#xD;
2019-07-12 17:48:03 - [TEST_STEP][PASSED] - waitForElementVisible(findTestObject("PRODUCTS/DetailProducts/div_modal-product-added"), 3): Object 'Object Repository/PRODUCTS/DetailProducts/div_modal-product-added' is visible&#xD;
&#xD;
2019-07-12 17:48:04 - [MESSAGE][PASSED] - Object 'Object Repository/PRODUCTS/DetailProducts/div_modal-product-added' is visible&#xD;
&#xD;
2019-07-12 17:48:04 - [TEST_STEP][PASSED] - click(findTestObject("PRODUCTS/DetailProducts/button_close-modal-product-added")): Object: 'Object Repository/PRODUCTS/DetailProducts/button_close-modal-product-added' is clicked on&#xD;
&#xD;
2019-07-12 17:48:04 - [MESSAGE][PASSED] - Object: 'Object Repository/PRODUCTS/DetailProducts/button_close-modal-product-added' is clicked on</system-out>
            <system-err></system-err>
        </testcase>
        <testcase name="Test Cases/SET_UP_BROWSER/close_browser" classname="Test Cases/SET_UP_BROWSER/close_browser" status="PASSED">
            <system-out>2019-07-12 17:48:04 - [TEST_CASE][PASSED] - Test Cases/SET_UP_BROWSER/close_browser: Test Cases/SET_UP_BROWSER/close_browser&#xD;
&#xD;
2019-07-12 17:48:05 - [TEST_STEP][PASSED] - closeBrowser(): Browser is closed&#xD;
&#xD;
2019-07-12 17:48:07 - [MESSAGE][PASSED] - Browser is closed</system-out>
            <system-err></system-err>
        </testcase>
        <system-out>2019-07-12 17:47:16 - [TEST_SUITE][INCOMPLETE] - AddProcutsToCart(FromCatalog): null</system-out>
        <system-err>2019-07-12 17:47:16 - [TEST_SUITE][INCOMPLETE] - AddProcutsToCart(FromCatalog): null</system-err>
    </testsuite>
</testsuites>
