<?xml version="1.0" encoding="UTF-8" standalone="yes"?>
<testsuites name="AddMassiveProductsToCart" time="73" tests="12" failures="0" errors="0">
    <testsuite name="AddMassiveProductsToCart" tests="12" failures="0" errors="0" time="73" timestamp="2019-07-12 23:33:35" hostname="QualtopGroup - DESKTOP-JOAKIH6" id="Test Suites/AUXILIARY_TEST_CASES/AddMassiveProductsToCart">
        <properties>
            <property name="deviceName" value=""/>
            <property name="devicePlatform" value=""/>
            <property name="logFolder" value="C:\\Users\\QualtopGroup\\Katalon Studio\\QSSAT_Web_Liverpool\\Reports\\AUXILIARY_TEST_CASES\\AddMassiveProductsToCart\\20190712_233315"/>
            <property name="logFiles" value="C:\\Users\\QualtopGroup\\Katalon Studio\\QSSAT_Web_Liverpool\\Reports\\AUXILIARY_TEST_CASES\\AddMassiveProductsToCart\\20190712_233315\\execution0.log"/>
            <property name="attachments" value=""/>
            <property name="hostName" value="QualtopGroup - DESKTOP-JOAKIH6"/>
            <property name="os" value="Windows 10 64bit"/>
            <property name="katalonVersion" value="6.2.1.2"/>
            <property name="browser" value="Firefox 66.0"/>
            <property name="hostAddress" value="192.168.56.1"/>
            <property name="sessionId" value="d12ee1f9-abf9-4dc2-82a0-0cb25ba28d40"/>
            <property name="seleniumVersion" value="3.141.59"/>
            <property name="proxyInformation" value="ProxyInformation{proxyOption=NO_PROXY, proxyServerType=HTTP, password=, proxyServerAddress=, proxyServerPort=0}"/>
            <property name="platform" value="Windows 10"/>
        </properties>
        <testcase name="Test Cases/SET_UP_BROWSER/launch_browser" classname="Test Cases/SET_UP_BROWSER/launch_browser" status="PASSED">
            <system-out>2019-07-12 23:33:36 - [TEST_CASE][PASSED] - Test Cases/SET_UP_BROWSER/launch_browser: Test Cases/SET_UP_BROWSER/launch_browser&#xD;
&#xD;
2019-07-12 23:33:37 - [TEST_STEP][PASSED] - openBrowser(BASE_URL): Browser is opened with url: 'https://www.liverpool.com.mx/tienda/home.jsp'&#xD;
&#xD;
2019-07-12 23:33:38 - [MESSAGE][INFO] - Starting 'Firefox' driver&#xD;
&#xD;
2019-07-12 23:33:38 - [MESSAGE][INFO] - Action delay is set to 0 seconds&#xD;
&#xD;
2019-07-12 23:33:56 - [MESSAGE][PASSED] - Browser is opened with url: 'https://www.liverpool.com.mx/tienda/home.jsp'&#xD;
&#xD;
2019-07-12 23:33:56 - [TEST_STEP][PASSED] - maximizeWindow(): Current window maximized&#xD;
&#xD;
2019-07-12 23:33:56 - [MESSAGE][PASSED] - Current window maximized</system-out>
            <system-err></system-err>
        </testcase>
        <testcase name="Test Cases/HOME_PAGE/search_product" classname="Test Cases/HOME_PAGE/search_product" status="PASSED">
            <system-out>2019-07-12 23:33:56 - [TEST_CASE][PASSED] - Test Cases/HOME_PAGE/search_product: Test Cases/HOME_PAGE/search_product&#xD;
&#xD;
2019-07-12 23:33:57 - [TEST_STEP][PASSED] - waitForElementClickable(findTestObject("HOME_PAGE/Header/input_search"), 3): Object 'Object Repository/HOME_PAGE/Header/input_search' is clickable&#xD;
&#xD;
2019-07-12 23:34:01 - [MESSAGE][PASSED] - Object 'Object Repository/HOME_PAGE/Header/input_search' is clickable&#xD;
&#xD;
2019-07-12 23:34:01 - [TEST_STEP][PASSED] - setText(findTestObject("HOME_PAGE/Header/input_search"), nameProduct): Text 'Tarjeta Gold 3 Meses Xbox Live' is set on object 'Object Repository/HOME_PAGE/Header/input_search'&#xD;
&#xD;
2019-07-12 23:34:02 - [MESSAGE][PASSED] - Text 'Tarjeta Gold 3 Meses Xbox Live' is set on object 'Object Repository/HOME_PAGE/Header/input_search'&#xD;
&#xD;
2019-07-12 23:34:02 - [TEST_STEP][PASSED] - click(findTestObject("HOME_PAGE/Header/button_search")): Object: 'Object Repository/HOME_PAGE/Header/button_search' is clicked on&#xD;
&#xD;
2019-07-12 23:34:06 - [MESSAGE][PASSED] - Object: 'Object Repository/HOME_PAGE/Header/button_search' is clicked on</system-out>
            <system-err></system-err>
        </testcase>
        <testcase name="Test Cases/HOME_PAGE/search_product" classname="Test Cases/HOME_PAGE/search_product" status="PASSED">
            <system-out>2019-07-12 23:34:06 - [TEST_CASE][PASSED] - Test Cases/HOME_PAGE/search_product: Test Cases/HOME_PAGE/search_product&#xD;
&#xD;
2019-07-12 23:34:06 - [TEST_STEP][PASSED] - waitForElementClickable(findTestObject("HOME_PAGE/Header/input_search"), 3): Object 'Object Repository/HOME_PAGE/Header/input_search' is clickable&#xD;
&#xD;
2019-07-12 23:34:06 - [MESSAGE][PASSED] - Object 'Object Repository/HOME_PAGE/Header/input_search' is clickable&#xD;
&#xD;
2019-07-12 23:34:06 - [TEST_STEP][PASSED] - setText(findTestObject("HOME_PAGE/Header/input_search"), nameProduct): Text 'Control Inalámbrico Xbox One blanco' is set on object 'Object Repository/HOME_PAGE/Header/input_search'&#xD;
&#xD;
2019-07-12 23:34:07 - [MESSAGE][PASSED] - Text 'Control Inalámbrico Xbox One blanco' is set on object 'Object Repository/HOME_PAGE/Header/input_search'&#xD;
&#xD;
2019-07-12 23:34:07 - [TEST_STEP][PASSED] - click(findTestObject("HOME_PAGE/Header/button_search")): Object: 'Object Repository/HOME_PAGE/Header/button_search' is clicked on&#xD;
&#xD;
2019-07-12 23:34:10 - [MESSAGE][PASSED] - Object: 'Object Repository/HOME_PAGE/Header/button_search' is clicked on</system-out>
            <system-err></system-err>
        </testcase>
        <testcase name="Test Cases/HOME_PAGE/search_product" classname="Test Cases/HOME_PAGE/search_product" status="PASSED">
            <system-out>2019-07-12 23:34:10 - [TEST_CASE][PASSED] - Test Cases/HOME_PAGE/search_product: Test Cases/HOME_PAGE/search_product&#xD;
&#xD;
2019-07-12 23:34:10 - [TEST_STEP][PASSED] - waitForElementClickable(findTestObject("HOME_PAGE/Header/input_search"), 3): Object 'Object Repository/HOME_PAGE/Header/input_search' is clickable&#xD;
&#xD;
2019-07-12 23:34:10 - [MESSAGE][PASSED] - Object 'Object Repository/HOME_PAGE/Header/input_search' is clickable&#xD;
&#xD;
2019-07-12 23:34:10 - [TEST_STEP][PASSED] - setText(findTestObject("HOME_PAGE/Header/input_search"), nameProduct): Text 'Control Inalámbrico Xbox One negro' is set on object 'Object Repository/HOME_PAGE/Header/input_search'&#xD;
&#xD;
2019-07-12 23:34:11 - [MESSAGE][PASSED] - Text 'Control Inalámbrico Xbox One negro' is set on object 'Object Repository/HOME_PAGE/Header/input_search'&#xD;
&#xD;
2019-07-12 23:34:11 - [TEST_STEP][PASSED] - click(findTestObject("HOME_PAGE/Header/button_search")): Object: 'Object Repository/HOME_PAGE/Header/button_search' is clicked on&#xD;
&#xD;
2019-07-12 23:34:15 - [MESSAGE][PASSED] - Object: 'Object Repository/HOME_PAGE/Header/button_search' is clicked on</system-out>
            <system-err></system-err>
        </testcase>
        <testcase name="Test Cases/HOME_PAGE/search_product" classname="Test Cases/HOME_PAGE/search_product" status="PASSED">
            <system-out>2019-07-12 23:34:15 - [TEST_CASE][PASSED] - Test Cases/HOME_PAGE/search_product: Test Cases/HOME_PAGE/search_product&#xD;
&#xD;
2019-07-12 23:34:15 - [TEST_STEP][PASSED] - waitForElementClickable(findTestObject("HOME_PAGE/Header/input_search"), 3): Object 'Object Repository/HOME_PAGE/Header/input_search' is clickable&#xD;
&#xD;
2019-07-12 23:34:15 - [MESSAGE][PASSED] - Object 'Object Repository/HOME_PAGE/Header/input_search' is clickable&#xD;
&#xD;
2019-07-12 23:34:15 - [TEST_STEP][PASSED] - setText(findTestObject("HOME_PAGE/Header/input_search"), nameProduct): Text 'Control Inalámbrico Xbox One gris' is set on object 'Object Repository/HOME_PAGE/Header/input_search'&#xD;
&#xD;
2019-07-12 23:34:15 - [MESSAGE][PASSED] - Text 'Control Inalámbrico Xbox One gris' is set on object 'Object Repository/HOME_PAGE/Header/input_search'&#xD;
&#xD;
2019-07-12 23:34:15 - [TEST_STEP][PASSED] - click(findTestObject("HOME_PAGE/Header/button_search")): Object: 'Object Repository/HOME_PAGE/Header/button_search' is clicked on&#xD;
&#xD;
2019-07-12 23:34:19 - [MESSAGE][PASSED] - Object: 'Object Repository/HOME_PAGE/Header/button_search' is clicked on</system-out>
            <system-err></system-err>
        </testcase>
        <testcase name="Test Cases/HOME_PAGE/search_product" classname="Test Cases/HOME_PAGE/search_product" status="PASSED">
            <system-out>2019-07-12 23:34:19 - [TEST_CASE][PASSED] - Test Cases/HOME_PAGE/search_product: Test Cases/HOME_PAGE/search_product&#xD;
&#xD;
2019-07-12 23:34:19 - [TEST_STEP][PASSED] - waitForElementClickable(findTestObject("HOME_PAGE/Header/input_search"), 3): Object 'Object Repository/HOME_PAGE/Header/input_search' is clickable&#xD;
&#xD;
2019-07-12 23:34:19 - [MESSAGE][PASSED] - Object 'Object Repository/HOME_PAGE/Header/input_search' is clickable&#xD;
&#xD;
2019-07-12 23:34:19 - [TEST_STEP][PASSED] - setText(findTestObject("HOME_PAGE/Header/input_search"), nameProduct): Text 'Control Inalámbrico Xbox One rojo' is set on object 'Object Repository/HOME_PAGE/Header/input_search'&#xD;
&#xD;
2019-07-12 23:34:20 - [MESSAGE][PASSED] - Text 'Control Inalámbrico Xbox One rojo' is set on object 'Object Repository/HOME_PAGE/Header/input_search'&#xD;
&#xD;
2019-07-12 23:34:20 - [TEST_STEP][PASSED] - click(findTestObject("HOME_PAGE/Header/button_search")): Object: 'Object Repository/HOME_PAGE/Header/button_search' is clicked on&#xD;
&#xD;
2019-07-12 23:34:23 - [MESSAGE][PASSED] - Object: 'Object Repository/HOME_PAGE/Header/button_search' is clicked on</system-out>
            <system-err></system-err>
        </testcase>
        <testcase name="Test Cases/HOME_PAGE/search_product" classname="Test Cases/HOME_PAGE/search_product" status="PASSED">
            <system-out>2019-07-12 23:34:23 - [TEST_CASE][PASSED] - Test Cases/HOME_PAGE/search_product: Test Cases/HOME_PAGE/search_product&#xD;
&#xD;
2019-07-12 23:34:23 - [TEST_STEP][PASSED] - waitForElementClickable(findTestObject("HOME_PAGE/Header/input_search"), 3): Object 'Object Repository/HOME_PAGE/Header/input_search' is clickable&#xD;
&#xD;
2019-07-12 23:34:23 - [MESSAGE][PASSED] - Object 'Object Repository/HOME_PAGE/Header/input_search' is clickable&#xD;
&#xD;
2019-07-12 23:34:23 - [TEST_STEP][PASSED] - setText(findTestObject("HOME_PAGE/Header/input_search"), nameProduct): Text 'Kit de Jugador Dreamgear Xbox One' is set on object 'Object Repository/HOME_PAGE/Header/input_search'&#xD;
&#xD;
2019-07-12 23:34:23 - [MESSAGE][PASSED] - Text 'Kit de Jugador Dreamgear Xbox One' is set on object 'Object Repository/HOME_PAGE/Header/input_search'&#xD;
&#xD;
2019-07-12 23:34:23 - [TEST_STEP][PASSED] - click(findTestObject("HOME_PAGE/Header/button_search")): Object: 'Object Repository/HOME_PAGE/Header/button_search' is clicked on&#xD;
&#xD;
2019-07-12 23:34:26 - [MESSAGE][PASSED] - Object: 'Object Repository/HOME_PAGE/Header/button_search' is clicked on</system-out>
            <system-err></system-err>
        </testcase>
        <testcase name="Test Cases/HOME_PAGE/search_product" classname="Test Cases/HOME_PAGE/search_product" status="PASSED">
            <system-out>2019-07-12 23:34:26 - [TEST_CASE][PASSED] - Test Cases/HOME_PAGE/search_product: Test Cases/HOME_PAGE/search_product&#xD;
&#xD;
2019-07-12 23:34:26 - [TEST_STEP][PASSED] - waitForElementClickable(findTestObject("HOME_PAGE/Header/input_search"), 3): Object 'Object Repository/HOME_PAGE/Header/input_search' is clickable&#xD;
&#xD;
2019-07-12 23:34:26 - [MESSAGE][PASSED] - Object 'Object Repository/HOME_PAGE/Header/input_search' is clickable&#xD;
&#xD;
2019-07-12 23:34:26 - [TEST_STEP][PASSED] - setText(findTestObject("HOME_PAGE/Header/input_search"), nameProduct): Text 'Xbox Live Tarjeta Gold 12 Meses' is set on object 'Object Repository/HOME_PAGE/Header/input_search'&#xD;
&#xD;
2019-07-12 23:34:27 - [MESSAGE][PASSED] - Text 'Xbox Live Tarjeta Gold 12 Meses' is set on object 'Object Repository/HOME_PAGE/Header/input_search'&#xD;
&#xD;
2019-07-12 23:34:27 - [TEST_STEP][PASSED] - click(findTestObject("HOME_PAGE/Header/button_search")): Object: 'Object Repository/HOME_PAGE/Header/button_search' is clicked on&#xD;
&#xD;
2019-07-12 23:34:31 - [MESSAGE][PASSED] - Object: 'Object Repository/HOME_PAGE/Header/button_search' is clicked on</system-out>
            <system-err></system-err>
        </testcase>
        <testcase name="Test Cases/HOME_PAGE/search_product" classname="Test Cases/HOME_PAGE/search_product" status="PASSED">
            <system-out>2019-07-12 23:34:31 - [TEST_CASE][PASSED] - Test Cases/HOME_PAGE/search_product: Test Cases/HOME_PAGE/search_product&#xD;
&#xD;
2019-07-12 23:34:31 - [TEST_STEP][PASSED] - waitForElementClickable(findTestObject("HOME_PAGE/Header/input_search"), 3): Object 'Object Repository/HOME_PAGE/Header/input_search' is clickable&#xD;
&#xD;
2019-07-12 23:34:31 - [MESSAGE][PASSED] - Object 'Object Repository/HOME_PAGE/Header/input_search' is clickable&#xD;
&#xD;
2019-07-12 23:34:31 - [TEST_STEP][PASSED] - setText(findTestObject("HOME_PAGE/Header/input_search"), nameProduct): Text 'Tarjeta Xbox Live Gold 6 meses' is set on object 'Object Repository/HOME_PAGE/Header/input_search'&#xD;
&#xD;
2019-07-12 23:34:31 - [MESSAGE][PASSED] - Text 'Tarjeta Xbox Live Gold 6 meses' is set on object 'Object Repository/HOME_PAGE/Header/input_search'&#xD;
&#xD;
2019-07-12 23:34:31 - [TEST_STEP][PASSED] - click(findTestObject("HOME_PAGE/Header/button_search")): Object: 'Object Repository/HOME_PAGE/Header/button_search' is clicked on&#xD;
&#xD;
2019-07-12 23:34:35 - [MESSAGE][PASSED] - Object: 'Object Repository/HOME_PAGE/Header/button_search' is clicked on</system-out>
            <system-err></system-err>
        </testcase>
        <testcase name="Test Cases/HOME_PAGE/search_product" classname="Test Cases/HOME_PAGE/search_product" status="PASSED">
            <system-out>2019-07-12 23:34:35 - [TEST_CASE][PASSED] - Test Cases/HOME_PAGE/search_product: Test Cases/HOME_PAGE/search_product&#xD;
&#xD;
2019-07-12 23:34:35 - [TEST_STEP][PASSED] - waitForElementClickable(findTestObject("HOME_PAGE/Header/input_search"), 3): Object 'Object Repository/HOME_PAGE/Header/input_search' is clickable&#xD;
&#xD;
2019-07-12 23:34:36 - [MESSAGE][PASSED] - Object 'Object Repository/HOME_PAGE/Header/input_search' is clickable&#xD;
&#xD;
2019-07-12 23:34:36 - [TEST_STEP][PASSED] - setText(findTestObject("HOME_PAGE/Header/input_search"), nameProduct): Text 'Xbox Live Tarjeta CSV 1000 MXN' is set on object 'Object Repository/HOME_PAGE/Header/input_search'&#xD;
&#xD;
2019-07-12 23:34:36 - [MESSAGE][PASSED] - Text 'Xbox Live Tarjeta CSV 1000 MXN' is set on object 'Object Repository/HOME_PAGE/Header/input_search'&#xD;
&#xD;
2019-07-12 23:34:36 - [TEST_STEP][PASSED] - click(findTestObject("HOME_PAGE/Header/button_search")): Object: 'Object Repository/HOME_PAGE/Header/button_search' is clicked on&#xD;
&#xD;
2019-07-12 23:34:39 - [MESSAGE][PASSED] - Object: 'Object Repository/HOME_PAGE/Header/button_search' is clicked on</system-out>
            <system-err></system-err>
        </testcase>
        <testcase name="Test Cases/PRODUCTS/DetailProduct/GeneralView/add_product_to_cart" classname="Test Cases/PRODUCTS/DetailProduct/GeneralView/add_product_to_cart" status="PASSED">
            <system-out>2019-07-12 23:34:39 - [TEST_CASE][PASSED] - Test Cases/PRODUCTS/DetailProduct/GeneralView/add_product_to_cart: Test Cases/PRODUCTS/DetailProduct/GeneralView/add_product_to_cart&#xD;
&#xD;
2019-07-12 23:34:40 - [TEST_STEP][PASSED] - waitForElementClickable(findTestObject("PRODUCTS/DetailProducts/input_qty"), 3): Object 'Object Repository/PRODUCTS/DetailProducts/input_qty' is clickable&#xD;
&#xD;
2019-07-12 23:34:40 - [MESSAGE][PASSED] - Object 'Object Repository/PRODUCTS/DetailProducts/input_qty' is clickable&#xD;
&#xD;
2019-07-12 23:34:40 - [TEST_STEP][PASSED] - for ([x = 1, x &lt;= 3, (x++)]): Delayed 1 second(s)&#xD;
&#xD;
2019-07-12 23:34:40 - [TEST_STEP][PASSED] - sendKeys(findTestObject("PRODUCTS/DetailProducts/input_qty"), Keys.chord(ARROW_UP)): Keys 'UP + ' sent to object: 'Object Repository/PRODUCTS/DetailProducts/input_qty'&#xD;
&#xD;
2019-07-12 23:34:40 - [MESSAGE][PASSED] - Keys 'UP + ' sent to object: 'Object Repository/PRODUCTS/DetailProducts/input_qty'&#xD;
&#xD;
2019-07-12 23:34:40 - [TEST_STEP][PASSED] - delay(1): Delayed 1 second(s)&#xD;
&#xD;
2019-07-12 23:34:41 - [MESSAGE][PASSED] - Delayed 1 second(s)&#xD;
&#xD;
2019-07-12 23:34:41 - [TEST_STEP][PASSED] - sendKeys(findTestObject("PRODUCTS/DetailProducts/input_qty"), Keys.chord(ARROW_UP)): Keys 'UP + ' sent to object: 'Object Repository/PRODUCTS/DetailProducts/input_qty'&#xD;
&#xD;
2019-07-12 23:34:41 - [MESSAGE][PASSED] - Keys 'UP + ' sent to object: 'Object Repository/PRODUCTS/DetailProducts/input_qty'&#xD;
&#xD;
2019-07-12 23:34:41 - [TEST_STEP][PASSED] - delay(1): Delayed 1 second(s)&#xD;
&#xD;
2019-07-12 23:34:42 - [MESSAGE][PASSED] - Delayed 1 second(s)&#xD;
&#xD;
2019-07-12 23:34:42 - [TEST_STEP][PASSED] - sendKeys(findTestObject("PRODUCTS/DetailProducts/input_qty"), Keys.chord(ARROW_UP)): Keys 'UP + ' sent to object: 'Object Repository/PRODUCTS/DetailProducts/input_qty'&#xD;
&#xD;
2019-07-12 23:34:43 - [MESSAGE][PASSED] - Keys 'UP + ' sent to object: 'Object Repository/PRODUCTS/DetailProducts/input_qty'&#xD;
&#xD;
2019-07-12 23:34:43 - [TEST_STEP][PASSED] - delay(1): Delayed 1 second(s)&#xD;
&#xD;
2019-07-12 23:34:44 - [MESSAGE][PASSED] - Delayed 1 second(s)&#xD;
&#xD;
2019-07-12 23:34:44 - [TEST_STEP][PASSED] - click(findTestObject("PRODUCTS/DetailProducts/button_add-shopping-cart")): Object: 'Object Repository/PRODUCTS/DetailProducts/button_add-shopping-cart' is clicked on&#xD;
&#xD;
2019-07-12 23:34:44 - [MESSAGE][PASSED] - Object: 'Object Repository/PRODUCTS/DetailProducts/button_add-shopping-cart' is clicked on&#xD;
&#xD;
2019-07-12 23:34:44 - [TEST_STEP][PASSED] - waitForElementVisible(findTestObject("PRODUCTS/DetailProducts/div_modal-product-added"), 3): Object 'Object Repository/PRODUCTS/DetailProducts/div_modal-product-added' is visible&#xD;
&#xD;
2019-07-12 23:34:45 - [MESSAGE][PASSED] - Object 'Object Repository/PRODUCTS/DetailProducts/div_modal-product-added' is visible&#xD;
&#xD;
2019-07-12 23:34:45 - [TEST_STEP][PASSED] - click(findTestObject("PRODUCTS/DetailProducts/button_close-modal-product-added")): Object: 'Object Repository/PRODUCTS/DetailProducts/button_close-modal-product-added' is clicked on&#xD;
&#xD;
2019-07-12 23:34:45 - [MESSAGE][PASSED] - Object: 'Object Repository/PRODUCTS/DetailProducts/button_close-modal-product-added' is clicked on</system-out>
            <system-err></system-err>
        </testcase>
        <testcase name="Test Cases/SET_UP_BROWSER/close_browser" classname="Test Cases/SET_UP_BROWSER/close_browser" status="PASSED">
            <system-out>2019-07-12 23:34:45 - [TEST_CASE][PASSED] - Test Cases/SET_UP_BROWSER/close_browser: Test Cases/SET_UP_BROWSER/close_browser&#xD;
&#xD;
2019-07-12 23:34:46 - [TEST_STEP][PASSED] - closeBrowser(): Browser is closed&#xD;
&#xD;
2019-07-12 23:34:48 - [MESSAGE][PASSED] - Browser is closed</system-out>
            <system-err></system-err>
        </testcase>
        <system-out>2019-07-12 23:33:35 - [TEST_SUITE][INCOMPLETE] - AddMassiveProductsToCart: null</system-out>
        <system-err>2019-07-12 23:33:35 - [TEST_SUITE][INCOMPLETE] - AddMassiveProductsToCart: null</system-err>
    </testsuite>
</testsuites>
