<?xml version="1.0" encoding="UTF-8" standalone="yes"?>
<testsuites name="CreateMassiveShoppingList" time="30" tests="3" failures="0" errors="0">
    <testsuite name="CreateMassiveShoppingList" tests="3" failures="0" errors="0" time="30" timestamp="2019-07-13 00:09:33" hostname="QualtopGroup - DESKTOP-JOAKIH6" id="Test Suites/AUXILIARY_TEST_CASES/CreateMassiveShoppingList">
        <properties>
            <property name="deviceName" value=""/>
            <property name="devicePlatform" value=""/>
            <property name="logFolder" value="C:\\Users\\QualtopGroup\\Katalon Studio\\QSSAT_Web_Liverpool\\Reports\\AUXILIARY_TEST_CASES\\CreateMassiveShoppingList\\20190713_000924"/>
            <property name="logFiles" value="C:\\Users\\QualtopGroup\\Katalon Studio\\QSSAT_Web_Liverpool\\Reports\\AUXILIARY_TEST_CASES\\CreateMassiveShoppingList\\20190713_000924\\execution0.log"/>
            <property name="attachments" value=""/>
            <property name="hostName" value="QualtopGroup - DESKTOP-JOAKIH6"/>
            <property name="os" value="Windows 10 64bit"/>
            <property name="katalonVersion" value="6.2.1.2"/>
            <property name="browser" value="Firefox 66.0"/>
            <property name="hostAddress" value="192.168.56.1"/>
            <property name="sessionId" value="18e2ab27-8613-4ce8-b9c2-74fad3dbe0c1"/>
            <property name="seleniumVersion" value="3.141.59"/>
            <property name="proxyInformation" value="ProxyInformation{proxyOption=NO_PROXY, proxyServerType=HTTP, password=, proxyServerAddress=, proxyServerPort=0}"/>
            <property name="platform" value="Windows 10"/>
        </properties>
        <testcase name="Test Cases/SET_UP_BROWSER/launch_browser" classname="Test Cases/SET_UP_BROWSER/launch_browser" status="PASSED">
            <system-out>2019-07-13 00:09:34 - [TEST_CASE][PASSED] - Test Cases/SET_UP_BROWSER/launch_browser: Test Cases/SET_UP_BROWSER/launch_browser&#xD;
&#xD;
2019-07-13 00:09:35 - [TEST_STEP][PASSED] - openBrowser(BASE_URL): Browser is opened with url: 'https://www.liverpool.com.mx/tienda/home.jsp'&#xD;
&#xD;
2019-07-13 00:09:36 - [MESSAGE][INFO] - Starting 'Firefox' driver&#xD;
&#xD;
2019-07-13 00:09:36 - [MESSAGE][INFO] - Action delay is set to 0 seconds&#xD;
&#xD;
2019-07-13 00:09:48 - [MESSAGE][PASSED] - Browser is opened with url: 'https://www.liverpool.com.mx/tienda/home.jsp'&#xD;
&#xD;
2019-07-13 00:09:48 - [TEST_STEP][PASSED] - maximizeWindow(): Current window maximized&#xD;
&#xD;
2019-07-13 00:09:48 - [MESSAGE][PASSED] - Current window maximized</system-out>
            <system-err></system-err>
        </testcase>
        <testcase name="Test Cases/HOME_PAGE/access_section_products" classname="Test Cases/HOME_PAGE/access_section_products" status="PASSED">
            <system-out>2019-07-13 00:09:48 - [TEST_CASE][PASSED] - Test Cases/HOME_PAGE/access_section_products: Test Cases/HOME_PAGE/access_section_products&#xD;
&#xD;
2019-07-13 00:09:49 - [TEST_STEP][PASSED] - waitForElementVisible(findTestObject("HOME_PAGE/NavBar/ul-menu", ["nameMenu":"Departamentos"]), 3): Object 'Object Repository/HOME_PAGE/NavBar/ul-menu' is visible&#xD;
&#xD;
2019-07-13 00:09:50 - [MESSAGE][PASSED] - Object 'Object Repository/HOME_PAGE/NavBar/ul-menu' is visible&#xD;
&#xD;
2019-07-13 00:09:50 - [TEST_STEP][PASSED] - mouseOver(findTestObject("HOME_PAGE/NavBar/ul-menu", ["nameMenu":"Departamentos"])): Object: 'Object Repository/HOME_PAGE/NavBar/ul-menu' is hovered&#xD;
&#xD;
2019-07-13 00:09:50 - [MESSAGE][PASSED] - Object: 'Object Repository/HOME_PAGE/NavBar/ul-menu' is hovered&#xD;
&#xD;
2019-07-13 00:09:50 - [TEST_STEP][PASSED] - delay(1): Delayed 1 second(s)&#xD;
&#xD;
2019-07-13 00:09:51 - [MESSAGE][PASSED] - Delayed 1 second(s)&#xD;
&#xD;
2019-07-13 00:09:51 - [TEST_STEP][PASSED] - mouseOver(findTestObject("HOME_PAGE/NavBar/li_sub-menu", ["nameOption":"Celulares"])): Object: 'Object Repository/HOME_PAGE/NavBar/li_sub-menu' is hovered&#xD;
&#xD;
2019-07-13 00:09:52 - [MESSAGE][PASSED] - Object: 'Object Repository/HOME_PAGE/NavBar/li_sub-menu' is hovered&#xD;
&#xD;
2019-07-13 00:09:52 - [TEST_STEP][PASSED] - delay(1): Delayed 1 second(s)&#xD;
&#xD;
2019-07-13 00:09:53 - [MESSAGE][PASSED] - Delayed 1 second(s)&#xD;
&#xD;
2019-07-13 00:09:53 - [TEST_STEP][PASSED] - click(findTestObject("HOME_PAGE/NavBar/a_section", ["nameTitleSection":"Equipos", "nameSection":"Ver Todos los Modelos"])): Object: 'Object Repository/HOME_PAGE/NavBar/a_section' is clicked on&#xD;
&#xD;
2019-07-13 00:09:58 - [MESSAGE][PASSED] - Object: 'Object Repository/HOME_PAGE/NavBar/a_section' is clicked on&#xD;
&#xD;
2019-07-13 00:09:58 - [TEST_STEP][PASSED] - waitForElementVisible(findTestObject("PRODUCTS/CatalogProducts/span_total-products"), 3): Object 'Object Repository/PRODUCTS/CatalogProducts/span_total-products' is visible&#xD;
&#xD;
2019-07-13 00:09:59 - [MESSAGE][PASSED] - Object 'Object Repository/PRODUCTS/CatalogProducts/span_total-products' is visible</system-out>
            <system-err></system-err>
        </testcase>
        <testcase name="Test Cases/AUXILIARY_TEST_CASES/fill_excel_shopping_cart" classname="Test Cases/AUXILIARY_TEST_CASES/fill_excel_shopping_cart" status="PASSED">
            <system-out>2019-07-13 00:09:59 - [TEST_CASE][PASSED] - Test Cases/AUXILIARY_TEST_CASES/fill_excel_shopping_cart: Test Cases/AUXILIARY_TEST_CASES/fill_excel_shopping_cart&#xD;
&#xD;
2019-07-13 00:09:59 - [TEST_STEP][PASSED] - driver = getWebDriver(): null&#xD;
&#xD;
2019-07-13 00:09:59 - [TEST_STEP][PASSED] - listProducts = []: null&#xD;
&#xD;
2019-07-13 00:09:59 - [TEST_STEP][PASSED] - for ([i = 1, i &lt;= listProducts.size() - 1, (i++)]): null&#xD;
&#xD;
2019-07-13 00:09:59 - [TEST_STEP][PASSED] - nameProduct = xpath("//li[@class="product-cell"][" + i + "]/a[@class="product-name"]/span")).getText(): null&#xD;
&#xD;
2019-07-13 00:09:59 - [TEST_STEP][PASSED] - priceProduct = xpath("//li[@class="product-cell"][" + i + "]//span[not(contains(@class , "price-state price-strike-special"))]/span[@class = "price-amount"]")).getText(): null&#xD;
&#xD;
2019-07-13 00:09:59 - [TEST_STEP][PASSED] - formatedPriceProd = ").toString(): null&#xD;
&#xD;
2019-07-13 00:10:00 - [TEST_STEP][PASSED] - listProducts[i][0] = nameProduct: null&#xD;
&#xD;
2019-07-13 00:10:00 - [TEST_STEP][PASSED] - listProducts[i][1] = formatedPriceProd: null&#xD;
&#xD;
2019-07-13 00:10:00 - [TEST_STEP][PASSED] - nameProduct = xpath("//li[@class="product-cell"][" + i + "]/a[@class="product-name"]/span")).getText(): null&#xD;
&#xD;
2019-07-13 00:10:00 - [TEST_STEP][PASSED] - priceProduct = xpath("//li[@class="product-cell"][" + i + "]//span[not(contains(@class , "price-state price-strike-special"))]/span[@class = "price-amount"]")).getText(): null&#xD;
&#xD;
2019-07-13 00:10:00 - [TEST_STEP][PASSED] - formatedPriceProd = ").toString(): null&#xD;
&#xD;
2019-07-13 00:10:00 - [TEST_STEP][PASSED] - listProducts[i][0] = nameProduct: null&#xD;
&#xD;
2019-07-13 00:10:00 - [TEST_STEP][PASSED] - listProducts[i][1] = formatedPriceProd: null&#xD;
&#xD;
2019-07-13 00:10:00 - [TEST_STEP][PASSED] - nameProduct = xpath("//li[@class="product-cell"][" + i + "]/a[@class="product-name"]/span")).getText(): null&#xD;
&#xD;
2019-07-13 00:10:00 - [TEST_STEP][PASSED] - priceProduct = xpath("//li[@class="product-cell"][" + i + "]//span[not(contains(@class , "price-state price-strike-special"))]/span[@class = "price-amount"]")).getText(): null&#xD;
&#xD;
2019-07-13 00:10:00 - [TEST_STEP][PASSED] - formatedPriceProd = ").toString(): null&#xD;
&#xD;
2019-07-13 00:10:00 - [TEST_STEP][PASSED] - listProducts[i][0] = nameProduct: null&#xD;
&#xD;
2019-07-13 00:10:00 - [TEST_STEP][PASSED] - listProducts[i][1] = formatedPriceProd: null&#xD;
&#xD;
2019-07-13 00:10:00 - [TEST_STEP][PASSED] - nameProduct = xpath("//li[@class="product-cell"][" + i + "]/a[@class="product-name"]/span")).getText(): null&#xD;
&#xD;
2019-07-13 00:10:00 - [TEST_STEP][PASSED] - priceProduct = xpath("//li[@class="product-cell"][" + i + "]//span[not(contains(@class , "price-state price-strike-special"))]/span[@class = "price-amount"]")).getText(): null&#xD;
&#xD;
2019-07-13 00:10:00 - [TEST_STEP][PASSED] - formatedPriceProd = ").toString(): null&#xD;
&#xD;
2019-07-13 00:10:00 - [TEST_STEP][PASSED] - listProducts[i][0] = nameProduct: null&#xD;
&#xD;
2019-07-13 00:10:00 - [TEST_STEP][PASSED] - listProducts[i][1] = formatedPriceProd: null&#xD;
&#xD;
2019-07-13 00:10:00 - [TEST_STEP][PASSED] - nameProduct = xpath("//li[@class="product-cell"][" + i + "]/a[@class="product-name"]/span")).getText(): null&#xD;
&#xD;
2019-07-13 00:10:00 - [TEST_STEP][PASSED] - priceProduct = xpath("//li[@class="product-cell"][" + i + "]//span[not(contains(@class , "price-state price-strike-special"))]/span[@class = "price-amount"]")).getText(): null&#xD;
&#xD;
2019-07-13 00:10:00 - [TEST_STEP][PASSED] - formatedPriceProd = ").toString(): null&#xD;
&#xD;
2019-07-13 00:10:00 - [TEST_STEP][PASSED] - listProducts[i][0] = nameProduct: null&#xD;
&#xD;
2019-07-13 00:10:00 - [TEST_STEP][PASSED] - listProducts[i][1] = formatedPriceProd: null&#xD;
&#xD;
2019-07-13 00:10:00 - [TEST_STEP][PASSED] - nameProduct = xpath("//li[@class="product-cell"][" + i + "]/a[@class="product-name"]/span")).getText(): null&#xD;
&#xD;
2019-07-13 00:10:00 - [TEST_STEP][PASSED] - priceProduct = xpath("//li[@class="product-cell"][" + i + "]//span[not(contains(@class , "price-state price-strike-special"))]/span[@class = "price-amount"]")).getText(): null&#xD;
&#xD;
2019-07-13 00:10:00 - [TEST_STEP][PASSED] - formatedPriceProd = ").toString(): null&#xD;
&#xD;
2019-07-13 00:10:00 - [TEST_STEP][PASSED] - listProducts[i][0] = nameProduct: null&#xD;
&#xD;
2019-07-13 00:10:00 - [TEST_STEP][PASSED] - listProducts[i][1] = formatedPriceProd: null&#xD;
&#xD;
2019-07-13 00:10:00 - [TEST_STEP][PASSED] - nameProduct = xpath("//li[@class="product-cell"][" + i + "]/a[@class="product-name"]/span")).getText(): null&#xD;
&#xD;
2019-07-13 00:10:00 - [TEST_STEP][PASSED] - priceProduct = xpath("//li[@class="product-cell"][" + i + "]//span[not(contains(@class , "price-state price-strike-special"))]/span[@class = "price-amount"]")).getText(): null&#xD;
&#xD;
2019-07-13 00:10:00 - [TEST_STEP][PASSED] - formatedPriceProd = ").toString(): null&#xD;
&#xD;
2019-07-13 00:10:00 - [TEST_STEP][PASSED] - listProducts[i][0] = nameProduct: null&#xD;
&#xD;
2019-07-13 00:10:00 - [TEST_STEP][PASSED] - listProducts[i][1] = formatedPriceProd: null&#xD;
&#xD;
2019-07-13 00:10:00 - [TEST_STEP][PASSED] - nameProduct = xpath("//li[@class="product-cell"][" + i + "]/a[@class="product-name"]/span")).getText(): null&#xD;
&#xD;
2019-07-13 00:10:00 - [TEST_STEP][PASSED] - priceProduct = xpath("//li[@class="product-cell"][" + i + "]//span[not(contains(@class , "price-state price-strike-special"))]/span[@class = "price-amount"]")).getText(): null&#xD;
&#xD;
2019-07-13 00:10:00 - [TEST_STEP][PASSED] - formatedPriceProd = ").toString(): null&#xD;
&#xD;
2019-07-13 00:10:00 - [TEST_STEP][PASSED] - listProducts[i][0] = nameProduct: null&#xD;
&#xD;
2019-07-13 00:10:00 - [TEST_STEP][PASSED] - listProducts[i][1] = formatedPriceProd: null&#xD;
&#xD;
2019-07-13 00:10:00 - [TEST_STEP][PASSED] - nameProduct = xpath("//li[@class="product-cell"][" + i + "]/a[@class="product-name"]/span")).getText(): null&#xD;
&#xD;
2019-07-13 00:10:00 - [TEST_STEP][PASSED] - priceProduct = xpath("//li[@class="product-cell"][" + i + "]//span[not(contains(@class , "price-state price-strike-special"))]/span[@class = "price-amount"]")).getText(): null&#xD;
&#xD;
2019-07-13 00:10:00 - [TEST_STEP][PASSED] - formatedPriceProd = ").toString(): null&#xD;
&#xD;
2019-07-13 00:10:00 - [TEST_STEP][PASSED] - listProducts[i][0] = nameProduct: null&#xD;
&#xD;
2019-07-13 00:10:00 - [TEST_STEP][PASSED] - listProducts[i][1] = formatedPriceProd: null&#xD;
&#xD;
2019-07-13 00:10:00 - [TEST_STEP][PASSED] - qssat.web.liverpool.SaveProdcutsDBExcel.saveProducts(listProducts, limit): qssat.web.liverpool.SaveProdcutsDBExcel.saveProducts is PASSED&#xD;
&#xD;
2019-07-13 00:10:03 - [MESSAGE][PASSED] - qssat.web.liverpool.SaveProdcutsDBExcel.saveProducts is PASSED</system-out>
            <system-err></system-err>
        </testcase>
        <system-out>2019-07-13 00:09:33 - [TEST_SUITE][INCOMPLETE] - CreateMassiveShoppingList: null</system-out>
        <system-err>2019-07-13 00:09:33 - [TEST_SUITE][INCOMPLETE] - CreateMassiveShoppingList: null</system-err>
    </testsuite>
</testsuites>
