<?xml version="1.0" encoding="UTF-8" standalone="yes"?>
<testsuites name="Successful_registration" time="36" tests="5" failures="0" errors="0">
    <testsuite name="Successful_registration" tests="5" failures="0" errors="0" time="36" timestamp="2019-07-11 20:44:46" hostname="QualtopGroup - DESKTOP-JOAKIH6" id="Test Suites/SIGN_UP/Successful_registration">
        <properties>
            <property name="deviceName" value=""/>
            <property name="devicePlatform" value=""/>
            <property name="logFolder" value="C:\\Users\\QualtopGroup\\Katalon Studio\\QSSAT_Web_Liverpool\\Reports\\20190711_204441\\SIGN_UP\\Successful_registration\\20190711_204441"/>
            <property name="logFiles" value="C:\\Users\\QualtopGroup\\Katalon Studio\\QSSAT_Web_Liverpool\\Reports\\20190711_204441\\SIGN_UP\\Successful_registration\\20190711_204441\\execution0.log"/>
            <property name="attachments" value=""/>
            <property name="hostName" value="QualtopGroup - DESKTOP-JOAKIH6"/>
            <property name="os" value="Windows 10 64bit"/>
            <property name="katalonVersion" value="6.3.0.1"/>
            <property name="browser" value="Firefox 66.0"/>
            <property name="hostAddress" value="192.168.56.1"/>
            <property name="sessionId" value="cbeb0fbc-8e29-4ed1-9a44-8731a5ae06f2"/>
            <property name="seleniumVersion" value="3.141.59"/>
            <property name="proxyInformation" value="ProxyInformation{proxyOption=NO_PROXY, proxyServerType=HTTP, password=, proxyServerAddress=, proxyServerPort=0}"/>
            <property name="platform" value="Windows 10"/>
        </properties>
        <testcase name="Test Cases/SET_UP_BROWSER/launch_browser" classname="Test Cases/SET_UP_BROWSER/launch_browser" status="PASSED">
            <system-out>2019-07-11 20:44:47 - [TEST_CASE][PASSED] - Test Cases/SET_UP_BROWSER/launch_browser: Test Cases/SET_UP_BROWSER/launch_browser&#xD;
&#xD;
2019-07-11 20:44:49 - [TEST_STEP][PASSED] - openBrowser(BASE_URL): Browser is opened with url: 'https://www.liverpool.com.mx/tienda/home.jsp'&#xD;
&#xD;
2019-07-11 20:44:51 - [MESSAGE][INFO] - Starting 'Firefox' driver&#xD;
&#xD;
2019-07-11 20:44:51 - [MESSAGE][INFO] - Action delay is set to 0 seconds&#xD;
&#xD;
2019-07-11 20:45:07 - [MESSAGE][PASSED] - Browser is opened with url: 'https://www.liverpool.com.mx/tienda/home.jsp'&#xD;
&#xD;
2019-07-11 20:45:07 - [TEST_STEP][PASSED] - maximizeWindow(): Current window maximized&#xD;
&#xD;
2019-07-11 20:45:08 - [MESSAGE][PASSED] - Current window maximized</system-out>
            <system-err></system-err>
        </testcase>
        <testcase name="Test Cases/LOG_IN/access_log_in" classname="Test Cases/LOG_IN/access_log_in" status="PASSED">
            <system-out>2019-07-11 20:45:08 - [TEST_CASE][PASSED] - Test Cases/LOG_IN/access_log_in: Test Cases/LOG_IN/access_log_in&#xD;
&#xD;
2019-07-11 20:45:10 - [TEST_STEP][PASSED] - click(findTestObject("HOME_PAGE/Header/button_login")): Object: 'Object Repository/HOME_PAGE/Header/button_login' is clicked on&#xD;
&#xD;
2019-07-11 20:45:11 - [MESSAGE][PASSED] - Object: 'Object Repository/HOME_PAGE/Header/button_login' is clicked on&#xD;
&#xD;
2019-07-11 20:45:11 - [TEST_STEP][PASSED] - waitForElementVisible(findTestObject("LOG_IN/iframe_log-in"), 3): Object 'Object Repository/LOG_IN/iframe_log-in' is visible&#xD;
&#xD;
2019-07-11 20:45:12 - [MESSAGE][PASSED] - Object 'Object Repository/LOG_IN/iframe_log-in' is visible</system-out>
            <system-err></system-err>
        </testcase>
        <testcase name="Test Cases/SIGN_UP/access_sign_up" classname="Test Cases/SIGN_UP/access_sign_up" status="PASSED">
            <system-out>2019-07-11 20:45:12 - [TEST_CASE][PASSED] - Test Cases/SIGN_UP/access_sign_up: Test Cases/SIGN_UP/access_sign_up&#xD;
&#xD;
2019-07-11 20:45:13 - [TEST_STEP][PASSED] - click(findTestObject("LOG_IN/button_sign-up")): Object: 'Object Repository/LOG_IN/button_sign-up' is clicked on&#xD;
&#xD;
2019-07-11 20:45:14 - [MESSAGE][PASSED] - Object: 'Object Repository/LOG_IN/button_sign-up' is clicked on&#xD;
&#xD;
2019-07-11 20:45:14 - [TEST_STEP][PASSED] - verifyElementVisible(findTestObject("GLOBAL/title_h1", ["txtTitle":"Beneficios de Registrarse"])): Object 'Object Repository/GLOBAL/title_h1' is visible&#xD;
&#xD;
2019-07-11 20:45:15 - [MESSAGE][PASSED] - Object 'Object Repository/GLOBAL/title_h1' is visible</system-out>
            <system-err></system-err>
        </testcase>
        <testcase name="Test Cases/SIGN_UP/registered_user" classname="Test Cases/SIGN_UP/registered_user" status="PASSED">
            <system-out>2019-07-11 20:45:15 - [TEST_CASE][PASSED] - Test Cases/SIGN_UP/registered_user: Test Cases/SIGN_UP/registered_user&#xD;
&#xD;
2019-07-11 20:45:17 - [TEST_STEP][PASSED] - verifyElementClickable(findTestObject("SIGN_UP/button_accept")): Object 'Object Repository/SIGN_UP/button_accept' is clickable&#xD;
&#xD;
2019-07-11 20:45:17 - [MESSAGE][PASSED] - Object 'Object Repository/SIGN_UP/button_accept' is clickable&#xD;
&#xD;
2019-07-11 20:45:17 - [TEST_STEP][PASSED] - click(findTestObject("SIGN_UP/button_accept")): Object: 'Object Repository/SIGN_UP/button_accept' is clicked on&#xD;
&#xD;
2019-07-11 20:45:17 - [MESSAGE][PASSED] - Object: 'Object Repository/SIGN_UP/button_accept' is clicked on&#xD;
&#xD;
2019-07-11 20:45:17 - [TEST_STEP][PASSED] - for (def e : getWebDriver().findElements(By.xpath("//label[@class="error"]"))): null&#xD;
&#xD;
2019-07-11 20:45:17 - [TEST_STEP][PASSED] - actualReqFields.add(e.getText()): null&#xD;
&#xD;
2019-07-11 20:45:18 - [TEST_STEP][PASSED] - actualReqFields.add(e.getText()): null&#xD;
&#xD;
2019-07-11 20:45:18 - [TEST_STEP][PASSED] - actualReqFields.add(e.getText()): null&#xD;
&#xD;
2019-07-11 20:45:18 - [TEST_STEP][PASSED] - actualReqFields.add(e.getText()): null&#xD;
&#xD;
2019-07-11 20:45:18 - [TEST_STEP][PASSED] - actualReqFields.add(e.getText()): null&#xD;
&#xD;
2019-07-11 20:45:18 - [TEST_STEP][PASSED] - actualReqFields.add(e.getText()): null&#xD;
&#xD;
2019-07-11 20:45:18 - [TEST_STEP][PASSED] - actualReqFields.add(e.getText()): null&#xD;
&#xD;
2019-07-11 20:45:18 - [TEST_STEP][PASSED] - actualReqFields.add(e.getText()): null&#xD;
&#xD;
2019-07-11 20:45:18 - [TEST_STEP][PASSED] - actualReqFields.add(e.getText()): null&#xD;
&#xD;
2019-07-11 20:45:18 - [TEST_STEP][PASSED] - for ([x = 0, x &lt;= requiredFields.size() - 1, (x++)]): null&#xD;
&#xD;
2019-07-11 20:45:18 - [TEST_STEP][PASSED] - contains = actualReqFields.contains(requiredFields.get(x)): null&#xD;
&#xD;
2019-07-11 20:45:18 - [TEST_STEP][PASSED] - if (contains == false): null&#xD;
&#xD;
2019-07-11 20:45:18 - [TEST_STEP][PASSED] - contains = actualReqFields.contains(requiredFields.get(x)): null&#xD;
&#xD;
2019-07-11 20:45:18 - [TEST_STEP][PASSED] - if (contains == false): null&#xD;
&#xD;
2019-07-11 20:45:18 - [TEST_STEP][PASSED] - contains = actualReqFields.contains(requiredFields.get(x)): null&#xD;
&#xD;
2019-07-11 20:45:18 - [TEST_STEP][PASSED] - if (contains == false): null&#xD;
&#xD;
2019-07-11 20:45:18 - [TEST_STEP][PASSED] - contains = actualReqFields.contains(requiredFields.get(x)): null&#xD;
&#xD;
2019-07-11 20:45:18 - [TEST_STEP][PASSED] - if (contains == false): null&#xD;
&#xD;
2019-07-11 20:45:18 - [TEST_STEP][PASSED] - contains = actualReqFields.contains(requiredFields.get(x)): null&#xD;
&#xD;
2019-07-11 20:45:18 - [TEST_STEP][PASSED] - if (contains == false): null&#xD;
&#xD;
2019-07-11 20:45:18 - [TEST_STEP][PASSED] - contains = actualReqFields.contains(requiredFields.get(x)): null&#xD;
&#xD;
2019-07-11 20:45:18 - [TEST_STEP][PASSED] - if (contains == false): null&#xD;
&#xD;
2019-07-11 20:45:18 - [TEST_STEP][PASSED] - contains = actualReqFields.contains(requiredFields.get(x)): null&#xD;
&#xD;
2019-07-11 20:45:18 - [TEST_STEP][PASSED] - if (contains == false): null&#xD;
&#xD;
2019-07-11 20:45:18 - [TEST_STEP][PASSED] - contains = actualReqFields.contains(requiredFields.get(x)): null&#xD;
&#xD;
2019-07-11 20:45:18 - [TEST_STEP][PASSED] - if (contains == false): null&#xD;
&#xD;
2019-07-11 20:45:18 - [TEST_STEP][PASSED] - contains = actualReqFields.contains(requiredFields.get(x)): null&#xD;
&#xD;
2019-07-11 20:45:18 - [TEST_STEP][PASSED] - if (contains == false): null&#xD;
&#xD;
2019-07-11 20:45:18 - [TEST_STEP][PASSED] - verifyEqual(flagFail, false): Actual object 'false' and expected object 'false' are equal&#xD;
&#xD;
2019-07-11 20:45:18 - [MESSAGE][PASSED] - Actual object 'false' and expected object 'false' are equal</system-out>
            <system-err></system-err>
        </testcase>
        <testcase name="Test Cases/SET_UP_BROWSER/close_browser" classname="Test Cases/SET_UP_BROWSER/close_browser" status="PASSED">
            <system-out>2019-07-11 20:45:18 - [TEST_CASE][PASSED] - Test Cases/SET_UP_BROWSER/close_browser: Test Cases/SET_UP_BROWSER/close_browser&#xD;
&#xD;
2019-07-11 20:45:18 - [TEST_STEP][PASSED] - closeBrowser(): Browser is closed&#xD;
&#xD;
2019-07-11 20:45:23 - [MESSAGE][PASSED] - Browser is closed</system-out>
            <system-err></system-err>
        </testcase>
        <system-out>2019-07-11 20:44:46 - [TEST_SUITE][INCOMPLETE] - Successful_registration: null</system-out>
        <system-err>2019-07-11 20:44:46 - [TEST_SUITE][INCOMPLETE] - Successful_registration: null</system-err>
    </testsuite>
</testsuites>
