<?xml version="1.0" encoding="UTF-8" standalone="yes"?>
<testsuites name="SelectAndAddProductsFromCart" time="71" tests="7" failures="0" errors="0">
    <testsuite name="SelectAndAddProductsFromCart" tests="7" failures="0" errors="0" time="71" timestamp="2019-07-10 20:34:01" hostname="QualtopGroup - DESKTOP-JOAKIH6" id="Test Suites/PRODUCTS/SelectAndAddProductsFromCart">
        <properties>
            <property name="deviceName" value=""/>
            <property name="devicePlatform" value=""/>
            <property name="logFolder" value="C:\\Users\\QualtopGroup\\Katalon Studio\\QSSAT_Web_Liverpool\\Reports\\20190710_203233\\PRODUCTS\\SelectAndAddProductsFromCart\\20190710_203237"/>
            <property name="logFiles" value="C:\\Users\\QualtopGroup\\Katalon Studio\\QSSAT_Web_Liverpool\\Reports\\20190710_203233\\PRODUCTS\\SelectAndAddProductsFromCart\\20190710_203237\\execution0.log"/>
            <property name="attachments" value=""/>
            <property name="hostName" value="QualtopGroup - DESKTOP-JOAKIH6"/>
            <property name="os" value="Windows 10 64bit"/>
            <property name="katalonVersion" value="6.3.0.1"/>
            <property name="browser" value="Chrome 75.0.3770.100"/>
            <property name="hostAddress" value="192.168.56.1"/>
            <property name="sessionId" value="a3a001559ec31496d7c86509a39a06fc"/>
            <property name="seleniumVersion" value="3.141.59"/>
            <property name="proxyInformation" value="ProxyInformation{proxyOption=NO_PROXY, proxyServerType=HTTP, password=, proxyServerAddress=, proxyServerPort=0}"/>
            <property name="platform" value="Windows 10"/>
        </properties>
        <testcase name="Test Cases/SET_UP_BROWSER/launch_browser" classname="Test Cases/SET_UP_BROWSER/launch_browser" status="PASSED">
            <system-out>2019-07-10 20:34:02 - [TEST_CASE][PASSED] - Test Cases/SET_UP_BROWSER/launch_browser: Test Cases/SET_UP_BROWSER/launch_browser&#xD;
&#xD;
2019-07-10 20:34:03 - [TEST_STEP][PASSED] - openBrowser(BASE_URL): Browser is opened with url: 'https://www.liverpool.com.mx/tienda/home.jsp'&#xD;
&#xD;
2019-07-10 20:34:04 - [MESSAGE][INFO] - Starting 'Chrome' driver&#xD;
&#xD;
2019-07-10 20:34:04 - [MESSAGE][INFO] - Action delay is set to 0 seconds&#xD;
&#xD;
2019-07-10 20:34:27 - [MESSAGE][PASSED] - Browser is opened with url: 'https://www.liverpool.com.mx/tienda/home.jsp'&#xD;
&#xD;
2019-07-10 20:34:27 - [TEST_STEP][PASSED] - maximizeWindow(): Current window maximized&#xD;
&#xD;
2019-07-10 20:34:28 - [MESSAGE][PASSED] - Current window maximized</system-out>
            <system-err></system-err>
        </testcase>
        <testcase name="Test Cases/LOG_IN/access_log_in" classname="Test Cases/LOG_IN/access_log_in" status="PASSED">
            <system-out>2019-07-10 20:34:28 - [TEST_CASE][PASSED] - Test Cases/LOG_IN/access_log_in: Test Cases/LOG_IN/access_log_in&#xD;
&#xD;
2019-07-10 20:34:29 - [TEST_STEP][PASSED] - click(findTestObject("HOME_PAGE/Header/button_login")): Object: 'Object Repository/HOME_PAGE/Header/button_login' is clicked on&#xD;
&#xD;
2019-07-10 20:34:31 - [MESSAGE][PASSED] - Object: 'Object Repository/HOME_PAGE/Header/button_login' is clicked on&#xD;
&#xD;
2019-07-10 20:34:31 - [TEST_STEP][PASSED] - waitForElementVisible(findTestObject("LOG_IN/iframe_log-in"), 3): Object 'Object Repository/LOG_IN/iframe_log-in' is visible&#xD;
&#xD;
2019-07-10 20:34:31 - [MESSAGE][PASSED] - Object 'Object Repository/LOG_IN/iframe_log-in' is visible</system-out>
            <system-err></system-err>
        </testcase>
        <testcase name="Test Cases/LOG_IN/success_log_in" classname="Test Cases/LOG_IN/success_log_in" status="PASSED">
            <system-out>2019-07-10 20:34:31 - [TEST_CASE][PASSED] - Test Cases/LOG_IN/success_log_in: Test Cases/LOG_IN/success_log_in&#xD;
&#xD;
2019-07-10 20:34:32 - [TEST_STEP][PASSED] - setText(findTestObject("LOG_IN/input_email"), "iart60910@yopmail.com"): Text 'iart60910@yopmail.com' is set on object 'Object Repository/LOG_IN/input_email'&#xD;
&#xD;
2019-07-10 20:34:33 - [MESSAGE][PASSED] - Text 'iart60910@yopmail.com' is set on object 'Object Repository/LOG_IN/input_email'&#xD;
&#xD;
2019-07-10 20:34:33 - [TEST_STEP][PASSED] - setEncryptedText(findTestObject("LOG_IN/input_password"), "pvWt8Onr8p8JrmFePASEjg=="): Text ****** has been set on object 'Object Repository/LOG_IN/input_password'&#xD;
&#xD;
2019-07-10 20:34:33 - [MESSAGE][PASSED] - Text ****** has been set on object 'Object Repository/LOG_IN/input_password'&#xD;
&#xD;
2019-07-10 20:34:33 - [TEST_STEP][PASSED] - click(findTestObject("LOG_IN/button_sign-in")): Object: 'Object Repository/LOG_IN/button_sign-in' is clicked on&#xD;
&#xD;
2019-07-10 20:34:39 - [MESSAGE][PASSED] - Object: 'Object Repository/LOG_IN/button_sign-in' is clicked on&#xD;
&#xD;
2019-07-10 20:34:39 - [TEST_STEP][PASSED] - waitForElementNotVisible(findTestObject("HOME_PAGE/Header/icon_load-user"), 5): Object 'Object Repository/HOME_PAGE/Header/icon_load-user' is NOT visible&#xD;
&#xD;
2019-07-10 20:34:39 - [MESSAGE][PASSED] - Object 'Object Repository/HOME_PAGE/Header/icon_load-user' is NOT visible&#xD;
&#xD;
2019-07-10 20:34:39 - [TEST_STEP][PASSED] - verifyElementText(findTestObject("LOG_IN/select_profile"), "ian"): Actual text and expected text of test object 'Object Repository/LOG_IN/select_profile' are matched.&#xD;
&#xD;
2019-07-10 20:34:39 - [MESSAGE][PASSED] - Actual text and expected text of test object 'Object Repository/LOG_IN/select_profile' are matched.</system-out>
            <system-err></system-err>
        </testcase>
        <testcase name="Test Cases/PRODUCTS/access_section_products" classname="Test Cases/PRODUCTS/access_section_products" status="PASSED">
            <system-out>2019-07-10 20:34:39 - [TEST_CASE][PASSED] - Test Cases/PRODUCTS/access_section_products: Test Cases/PRODUCTS/access_section_products&#xD;
&#xD;
2019-07-10 20:34:40 - [TEST_STEP][PASSED] - waitForElementVisible(findTestObject("HOME_PAGE/NavBar/ul-menu", ["nameMenu":"Departamentos"]), 3): Object 'Object Repository/HOME_PAGE/NavBar/ul-menu' is visible&#xD;
&#xD;
2019-07-10 20:34:40 - [MESSAGE][PASSED] - Object 'Object Repository/HOME_PAGE/NavBar/ul-menu' is visible&#xD;
&#xD;
2019-07-10 20:34:40 - [TEST_STEP][PASSED] - mouseOver(findTestObject("HOME_PAGE/NavBar/ul-menu", ["nameMenu":"Departamentos"])): Object: 'Object Repository/HOME_PAGE/NavBar/ul-menu' is hovered&#xD;
&#xD;
2019-07-10 20:34:40 - [MESSAGE][PASSED] - Object: 'Object Repository/HOME_PAGE/NavBar/ul-menu' is hovered&#xD;
&#xD;
2019-07-10 20:34:40 - [TEST_STEP][PASSED] - delay(1): Delayed 1 second(s)&#xD;
&#xD;
2019-07-10 20:34:41 - [MESSAGE][PASSED] - Delayed 1 second(s)&#xD;
&#xD;
2019-07-10 20:34:41 - [TEST_STEP][PASSED] - mouseOver(findTestObject("HOME_PAGE/NavBar/li_sub-menu", ["nameOption":"Videojuegos"])): Object: 'Object Repository/HOME_PAGE/NavBar/li_sub-menu' is hovered&#xD;
&#xD;
2019-07-10 20:34:41 - [MESSAGE][PASSED] - Object: 'Object Repository/HOME_PAGE/NavBar/li_sub-menu' is hovered&#xD;
&#xD;
2019-07-10 20:34:41 - [TEST_STEP][PASSED] - delay(1): Delayed 1 second(s)&#xD;
&#xD;
2019-07-10 20:34:42 - [MESSAGE][PASSED] - Delayed 1 second(s)&#xD;
&#xD;
2019-07-10 20:34:42 - [TEST_STEP][PASSED] - click(findTestObject("HOME_PAGE/NavBar/a_section", ["nameTitleSection":"Accesorios", "nameSection":"XBOX"])): Object: 'Object Repository/HOME_PAGE/NavBar/a_section' is clicked on&#xD;
&#xD;
2019-07-10 20:34:51 - [MESSAGE][PASSED] - Object: 'Object Repository/HOME_PAGE/NavBar/a_section' is clicked on&#xD;
&#xD;
2019-07-10 20:34:51 - [TEST_STEP][PASSED] - waitForElementVisible(findTestObject("PRODUCTS/CatalogProducts/span_total-products"), 3): Object 'Object Repository/PRODUCTS/CatalogProducts/span_total-products' is visible&#xD;
&#xD;
2019-07-10 20:34:51 - [MESSAGE][PASSED] - Object 'Object Repository/PRODUCTS/CatalogProducts/span_total-products' is visible</system-out>
            <system-err></system-err>
        </testcase>
        <testcase name="Test Cases/PRODUCTS/select_product_catalog" classname="Test Cases/PRODUCTS/select_product_catalog" status="PASSED">
            <system-out>2019-07-10 20:34:51 - [TEST_CASE][PASSED] - Test Cases/PRODUCTS/select_product_catalog: Test Cases/PRODUCTS/select_product_catalog&#xD;
&#xD;
2019-07-10 20:34:52 - [TEST_STEP][PASSED] - waitForElementVisible(findTestObject("PRODUCTS/CatalogProducts/span_total-products"), 3): Object 'Object Repository/PRODUCTS/CatalogProducts/span_total-products' is visible&#xD;
&#xD;
2019-07-10 20:34:52 - [MESSAGE][PASSED] - Object 'Object Repository/PRODUCTS/CatalogProducts/span_total-products' is visible&#xD;
&#xD;
2019-07-10 20:34:52 - [TEST_STEP][PASSED] - click(findTestObject("PRODUCTS/CatalogProducts/li_product", ["nameProduct":"Gold 3 Meses"])): Object: 'Object Repository/PRODUCTS/CatalogProducts/li_product' is clicked on&#xD;
&#xD;
2019-07-10 20:35:00 - [MESSAGE][PASSED] - Object: 'Object Repository/PRODUCTS/CatalogProducts/li_product' is clicked on&#xD;
&#xD;
2019-07-10 20:35:00 - [TEST_STEP][PASSED] - waitForElementNotVisible(findTestObject("PRODUCTS/CatalogProducts/span_total-products"), 3): Web element with id: 'Object Repository/PRODUCTS/CatalogProducts/span_total-products' located by 'By.xpath: //div[@id='product-total']/p/span' not found&#xD;
&#xD;
2019-07-10 20:35:03 - [MESSAGE][INFO] - Unable to find the element located by 'By.xpath: //div[@id='product-total']/p/span'. Please recheck the objects properties to make sure the desired element is located. &#xD;
&#xD;
2019-07-10 20:35:03 - [MESSAGE][WARNING] - Web element with id: 'Object Repository/PRODUCTS/CatalogProducts/span_total-products' located by 'By.xpath: //div[@id='product-total']/p/span' not found</system-out>
            <system-err></system-err>
        </testcase>
        <testcase name="Test Cases/PRODUCTS/add_product_to_cart" classname="Test Cases/PRODUCTS/add_product_to_cart" status="PASSED">
            <system-out>2019-07-10 20:35:03 - [TEST_CASE][PASSED] - Test Cases/PRODUCTS/add_product_to_cart: Test Cases/PRODUCTS/add_product_to_cart&#xD;
&#xD;
2019-07-10 20:35:04 - [TEST_STEP][PASSED] - waitForElementClickable(findTestObject("PRODUCTS/DetailProducts/input_qty"), 3): Object 'Object Repository/PRODUCTS/DetailProducts/input_qty' is clickable&#xD;
&#xD;
2019-07-10 20:35:04 - [MESSAGE][PASSED] - Object 'Object Repository/PRODUCTS/DetailProducts/input_qty' is clickable&#xD;
&#xD;
2019-07-10 20:35:04 - [TEST_STEP][PASSED] - for ([x = 1, x &lt;= 3, (x++)]): Delayed 1 second(s)&#xD;
&#xD;
2019-07-10 20:35:04 - [TEST_STEP][PASSED] - sendKeys(findTestObject("PRODUCTS/DetailProducts/input_qty"), Keys.chord(ARROW_UP)): Keys 'UP + ' sent to object: 'Object Repository/PRODUCTS/DetailProducts/input_qty'&#xD;
&#xD;
2019-07-10 20:35:04 - [MESSAGE][PASSED] - Keys 'UP + ' sent to object: 'Object Repository/PRODUCTS/DetailProducts/input_qty'&#xD;
&#xD;
2019-07-10 20:35:04 - [TEST_STEP][PASSED] - delay(1): Delayed 1 second(s)&#xD;
&#xD;
2019-07-10 20:35:05 - [MESSAGE][PASSED] - Delayed 1 second(s)&#xD;
&#xD;
2019-07-10 20:35:05 - [TEST_STEP][PASSED] - sendKeys(findTestObject("PRODUCTS/DetailProducts/input_qty"), Keys.chord(ARROW_UP)): Keys 'UP + ' sent to object: 'Object Repository/PRODUCTS/DetailProducts/input_qty'&#xD;
&#xD;
2019-07-10 20:35:05 - [MESSAGE][PASSED] - Keys 'UP + ' sent to object: 'Object Repository/PRODUCTS/DetailProducts/input_qty'&#xD;
&#xD;
2019-07-10 20:35:05 - [TEST_STEP][PASSED] - delay(1): Delayed 1 second(s)&#xD;
&#xD;
2019-07-10 20:35:06 - [MESSAGE][PASSED] - Delayed 1 second(s)&#xD;
&#xD;
2019-07-10 20:35:06 - [TEST_STEP][PASSED] - sendKeys(findTestObject("PRODUCTS/DetailProducts/input_qty"), Keys.chord(ARROW_UP)): Keys 'UP + ' sent to object: 'Object Repository/PRODUCTS/DetailProducts/input_qty'&#xD;
&#xD;
2019-07-10 20:35:06 - [MESSAGE][PASSED] - Keys 'UP + ' sent to object: 'Object Repository/PRODUCTS/DetailProducts/input_qty'&#xD;
&#xD;
2019-07-10 20:35:06 - [TEST_STEP][PASSED] - delay(1): Delayed 1 second(s)&#xD;
&#xD;
2019-07-10 20:35:07 - [MESSAGE][PASSED] - Delayed 1 second(s)&#xD;
&#xD;
2019-07-10 20:35:07 - [TEST_STEP][PASSED] - click(findTestObject("PRODUCTS/DetailProducts/button_add-shopping-cart")): Object: 'Object Repository/PRODUCTS/DetailProducts/button_add-shopping-cart' is clicked on&#xD;
&#xD;
2019-07-10 20:35:08 - [MESSAGE][PASSED] - Object: 'Object Repository/PRODUCTS/DetailProducts/button_add-shopping-cart' is clicked on&#xD;
&#xD;
2019-07-10 20:35:08 - [TEST_STEP][PASSED] - waitForElementVisible(findTestObject("PRODUCTS/DetailProducts/div_modal-product-added"), 3): Object 'Object Repository/PRODUCTS/DetailProducts/div_modal-product-added' is visible&#xD;
&#xD;
2019-07-10 20:35:09 - [MESSAGE][PASSED] - Object 'Object Repository/PRODUCTS/DetailProducts/div_modal-product-added' is visible&#xD;
&#xD;
2019-07-10 20:35:09 - [TEST_STEP][PASSED] - click(findTestObject("PRODUCTS/DetailProducts/button_close-modal-product-added")): Object: 'Object Repository/PRODUCTS/DetailProducts/button_close-modal-product-added' is clicked on&#xD;
&#xD;
2019-07-10 20:35:10 - [MESSAGE][PASSED] - Object: 'Object Repository/PRODUCTS/DetailProducts/button_close-modal-product-added' is clicked on</system-out>
            <system-err></system-err>
        </testcase>
        <testcase name="Test Cases/SET_UP_BROWSER/close_browser" classname="Test Cases/SET_UP_BROWSER/close_browser" status="PASSED">
            <system-out>2019-07-10 20:35:10 - [TEST_CASE][PASSED] - Test Cases/SET_UP_BROWSER/close_browser: Test Cases/SET_UP_BROWSER/close_browser&#xD;
&#xD;
2019-07-10 20:35:11 - [TEST_STEP][PASSED] - closeBrowser(): Browser is closed&#xD;
&#xD;
2019-07-10 20:35:12 - [MESSAGE][PASSED] - Browser is closed</system-out>
            <system-err></system-err>
        </testcase>
        <system-out>2019-07-10 20:34:01 - [TEST_SUITE][INCOMPLETE] - SelectAndAddProductsFromCart: null</system-out>
        <system-err>2019-07-10 20:34:01 - [TEST_SUITE][INCOMPLETE] - SelectAndAddProductsFromCart: null</system-err>
    </testsuite>
</testsuites>
