<?xml version="1.0" encoding="UTF-8" standalone="yes"?>
<testsuites name="SendOpinionProduct" time="38" tests="6" failures="0" errors="0">
    <testsuite name="SendOpinionProduct" tests="6" failures="0" errors="0" time="38" timestamp="2019-07-13 02:00:13" hostname="QualtopGroup - DESKTOP-JOAKIH6" id="Test Suites/PRODUCTS/SendOpinionProduct">
        <properties>
            <property name="deviceName" value=""/>
            <property name="devicePlatform" value=""/>
            <property name="logFolder" value="C:\\Users\\QualtopGroup\\Katalon Studio\\QSSAT_Web_Liverpool\\Reports\\PRODUCTS\\SendOpinionProduct\\20190713_020004"/>
            <property name="logFiles" value="C:\\Users\\QualtopGroup\\Katalon Studio\\QSSAT_Web_Liverpool\\Reports\\PRODUCTS\\SendOpinionProduct\\20190713_020004\\execution0.log"/>
            <property name="attachments" value=""/>
            <property name="hostName" value="QualtopGroup - DESKTOP-JOAKIH6"/>
            <property name="os" value="Windows 10 64bit"/>
            <property name="katalonVersion" value="6.2.1.2"/>
            <property name="browser" value="Firefox 66.0"/>
            <property name="hostAddress" value="192.168.56.1"/>
            <property name="sessionId" value="3f056852-abf9-43aa-bfaa-3bc2d776b634"/>
            <property name="seleniumVersion" value="3.141.59"/>
            <property name="proxyInformation" value="ProxyInformation{proxyOption=NO_PROXY, proxyServerType=HTTP, password=, proxyServerAddress=, proxyServerPort=0}"/>
            <property name="platform" value="Windows 10"/>
        </properties>
        <testcase name="Test Cases/SET_UP_BROWSER/launch_browser" classname="Test Cases/SET_UP_BROWSER/launch_browser" status="PASSED">
            <system-out>2019-07-13 02:00:13 - [TEST_CASE][PASSED] - Test Cases/SET_UP_BROWSER/launch_browser: Test Cases/SET_UP_BROWSER/launch_browser&#xD;
&#xD;
2019-07-13 02:00:14 - [TEST_STEP][PASSED] - openBrowser(BASE_URL): Browser is opened with url: 'https://www.liverpool.com.mx/tienda/home.jsp'&#xD;
&#xD;
2019-07-13 02:00:14 - [MESSAGE][INFO] - Starting 'Firefox' driver&#xD;
&#xD;
2019-07-13 02:00:15 - [MESSAGE][INFO] - Action delay is set to 0 seconds&#xD;
&#xD;
2019-07-13 02:00:27 - [MESSAGE][PASSED] - Browser is opened with url: 'https://www.liverpool.com.mx/tienda/home.jsp'&#xD;
&#xD;
2019-07-13 02:00:27 - [TEST_STEP][PASSED] - maximizeWindow(): Current window maximized&#xD;
&#xD;
2019-07-13 02:00:27 - [MESSAGE][PASSED] - Current window maximized</system-out>
            <system-err></system-err>
        </testcase>
        <testcase name="Test Cases/HOME_PAGE/search_product" classname="Test Cases/HOME_PAGE/search_product" status="PASSED">
            <system-out>2019-07-13 02:00:27 - [TEST_CASE][PASSED] - Test Cases/HOME_PAGE/search_product: Test Cases/HOME_PAGE/search_product&#xD;
&#xD;
2019-07-13 02:00:28 - [TEST_STEP][PASSED] - waitForElementClickable(findTestObject("HOME_PAGE/Header/input_search"), 3): Object 'Object Repository/HOME_PAGE/Header/input_search' is clickable&#xD;
&#xD;
2019-07-13 02:00:28 - [MESSAGE][PASSED] - Object 'Object Repository/HOME_PAGE/Header/input_search' is clickable&#xD;
&#xD;
2019-07-13 02:00:28 - [TEST_STEP][PASSED] - setText(findTestObject("HOME_PAGE/Header/input_search"), nameProduct): Text 'Smartphone Motorola One Vision 128 GB moka AT&amp;T' is set on object 'Object Repository/HOME_PAGE/Header/input_search'&#xD;
&#xD;
2019-07-13 02:00:29 - [MESSAGE][PASSED] - Text 'Smartphone Motorola One Vision 128 GB moka AT&amp;T' is set on object 'Object Repository/HOME_PAGE/Header/input_search'&#xD;
&#xD;
2019-07-13 02:00:29 - [TEST_STEP][PASSED] - click(findTestObject("HOME_PAGE/Header/button_search")): Object: 'Object Repository/HOME_PAGE/Header/button_search' is clicked on&#xD;
&#xD;
2019-07-13 02:00:31 - [MESSAGE][PASSED] - Object: 'Object Repository/HOME_PAGE/Header/button_search' is clicked on</system-out>
            <system-err></system-err>
        </testcase>
        <testcase name="Test Cases/PRODUCTS/CatalogProducts/GridProducts/select_product_catalog" classname="Test Cases/PRODUCTS/CatalogProducts/GridProducts/select_product_catalog" status="PASSED">
            <system-out>2019-07-13 02:00:31 - [TEST_CASE][PASSED] - Test Cases/PRODUCTS/CatalogProducts/GridProducts/select_product_catalog: Test Cases/PRODUCTS/CatalogProducts/GridProducts/select_product_catalog&#xD;
&#xD;
2019-07-13 02:00:32 - [TEST_STEP][PASSED] - waitForElementVisible(findTestObject("PRODUCTS/CatalogProducts/span_total-products"), 3): Object 'Object Repository/PRODUCTS/CatalogProducts/span_total-products' is visible&#xD;
&#xD;
2019-07-13 02:00:32 - [MESSAGE][PASSED] - Object 'Object Repository/PRODUCTS/CatalogProducts/span_total-products' is visible&#xD;
&#xD;
2019-07-13 02:00:32 - [TEST_STEP][PASSED] - click(findTestObject("PRODUCTS/CatalogProducts/li_product", ["nameProduct":nameProduct])): Object: 'Object Repository/PRODUCTS/CatalogProducts/li_product' is clicked on&#xD;
&#xD;
2019-07-13 02:00:37 - [MESSAGE][PASSED] - Object: 'Object Repository/PRODUCTS/CatalogProducts/li_product' is clicked on&#xD;
&#xD;
2019-07-13 02:00:37 - [TEST_STEP][PASSED] - waitForElementNotVisible(findTestObject("PRODUCTS/CatalogProducts/span_total-products"), 3): Web element with id: 'Object Repository/PRODUCTS/CatalogProducts/span_total-products' located by 'By.xpath: //div[@id='product-total']/p/span' not found&#xD;
&#xD;
2019-07-13 02:00:40 - [MESSAGE][INFO] - Unable to find the element located by 'By.xpath: //div[@id='product-total']/p/span'. Please recheck the objects properties to make sure the desired element is located. &#xD;
&#xD;
2019-07-13 02:00:40 - [MESSAGE][WARNING] - Web element with id: 'Object Repository/PRODUCTS/CatalogProducts/span_total-products' located by 'By.xpath: //div[@id='product-total']/p/span' not found</system-out>
            <system-err></system-err>
        </testcase>
        <testcase name="Test Cases/PRODUCTS/DetailProduct/ProductOpinion/access_product_opinion" classname="Test Cases/PRODUCTS/DetailProduct/ProductOpinion/access_product_opinion" status="PASSED">
            <system-out>2019-07-13 02:00:40 - [TEST_CASE][PASSED] - Test Cases/PRODUCTS/DetailProduct/ProductOpinion/access_product_opinion: Test Cases/PRODUCTS/DetailProduct/ProductOpinion/access_product_opinion&#xD;
&#xD;
2019-07-13 02:00:41 - [TEST_STEP][PASSED] - waitForElementVisible(findTestObject("PRODUCTS/DetailProduct/ProductOpinion/button_opinion"), 3): Object 'Object Repository/PRODUCTS/DetailProduct/ProductOpinion/button_opinion' is visible&#xD;
&#xD;
2019-07-13 02:00:41 - [MESSAGE][PASSED] - Object 'Object Repository/PRODUCTS/DetailProduct/ProductOpinion/button_opinion' is visible&#xD;
&#xD;
2019-07-13 02:00:41 - [TEST_STEP][PASSED] - click(findTestObject("PRODUCTS/DetailProduct/ProductOpinion/button_opinion")): Object: 'Object Repository/PRODUCTS/DetailProduct/ProductOpinion/button_opinion' is clicked on&#xD;
&#xD;
2019-07-13 02:00:41 - [MESSAGE][PASSED] - Object: 'Object Repository/PRODUCTS/DetailProduct/ProductOpinion/button_opinion' is clicked on&#xD;
&#xD;
2019-07-13 02:00:41 - [TEST_STEP][PASSED] - waitForElementVisible(findTestObject("PRODUCTS/DetailProduct/ProductOpinion/button_send-opinion"), 3): Object 'Object Repository/PRODUCTS/DetailProduct/ProductOpinion/button_send-opinion' is visible&#xD;
&#xD;
2019-07-13 02:00:42 - [MESSAGE][PASSED] - Object 'Object Repository/PRODUCTS/DetailProduct/ProductOpinion/button_send-opinion' is visible</system-out>
            <system-err></system-err>
        </testcase>
        <testcase name="Test Cases/PRODUCTS/DetailProduct/ProductOpinion/send_opinion" classname="Test Cases/PRODUCTS/DetailProduct/ProductOpinion/send_opinion" status="PASSED">
            <system-out>2019-07-13 02:00:42 - [TEST_CASE][PASSED] - Test Cases/PRODUCTS/DetailProduct/ProductOpinion/send_opinion: Test Cases/PRODUCTS/DetailProduct/ProductOpinion/send_opinion&#xD;
&#xD;
2019-07-13 02:00:42 - [TEST_STEP][PASSED] - waitForElementVisible(findTestObject("PRODUCTS/DetailProduct/ProductOpinion/button_send-opinion"), 3): Object 'Object Repository/PRODUCTS/DetailProduct/ProductOpinion/button_send-opinion' is visible&#xD;
&#xD;
2019-07-13 02:00:42 - [MESSAGE][PASSED] - Object 'Object Repository/PRODUCTS/DetailProduct/ProductOpinion/button_send-opinion' is visible&#xD;
&#xD;
2019-07-13 02:00:42 - [TEST_STEP][PASSED] - clickOffset(findTestObject("PRODUCTS/DetailProduct/ProductOpinion/icons_raiting"), 0, 10): Object: 'Object Repository/PRODUCTS/DetailProduct/ProductOpinion/icons_raiting' is clicked on using offset x=0 and y=10&#xD;
&#xD;
2019-07-13 02:00:43 - [MESSAGE][PASSED] - Object: 'Object Repository/PRODUCTS/DetailProduct/ProductOpinion/icons_raiting' is clicked on using offset x=0 and y=10&#xD;
&#xD;
2019-07-13 02:00:43 - [TEST_STEP][PASSED] - setText(findTestObject("PRODUCTS/DetailProduct/ProductOpinion/input_title-opinion"), "¡¡Excelente servicio!!"): Text '¡¡Excelente servicio!!' is set on object 'Object Repository/PRODUCTS/DetailProduct/ProductOpinion/input_title-opinion'&#xD;
&#xD;
2019-07-13 02:00:43 - [MESSAGE][PASSED] - Text '¡¡Excelente servicio!!' is set on object 'Object Repository/PRODUCTS/DetailProduct/ProductOpinion/input_title-opinion'&#xD;
&#xD;
2019-07-13 02:00:43 - [TEST_STEP][PASSED] - setText(findTestObject("PRODUCTS/DetailProduct/ProductOpinion/input_write-opinion"), "Cinco estrellas Aut_Test"): Text 'Cinco estrellas Aut_Test' is set on object 'Object Repository/PRODUCTS/DetailProduct/ProductOpinion/input_write-opinion'&#xD;
&#xD;
2019-07-13 02:00:43 - [MESSAGE][PASSED] - Text 'Cinco estrellas Aut_Test' is set on object 'Object Repository/PRODUCTS/DetailProduct/ProductOpinion/input_write-opinion'&#xD;
&#xD;
2019-07-13 02:00:43 - [TEST_STEP][PASSED] - click(findTestObject("PRODUCTS/DetailProduct/ProductOpinion/button_add-photo")): Object: 'Object Repository/PRODUCTS/DetailProduct/ProductOpinion/button_add-photo' is clicked on&#xD;
&#xD;
2019-07-13 02:00:43 - [MESSAGE][PASSED] - Object: 'Object Repository/PRODUCTS/DetailProduct/ProductOpinion/button_add-photo' is clicked on&#xD;
&#xD;
2019-07-13 02:00:43 - [TEST_STEP][PASSED] - waitForElementClickable(findTestObject("PRODUCTS/DetailProduct/ProductOpinion/input_upload-photo"), 3): Object 'Object Repository/PRODUCTS/DetailProduct/ProductOpinion/input_upload-photo' is clickable&#xD;
&#xD;
2019-07-13 02:00:43 - [MESSAGE][PASSED] - Object 'Object Repository/PRODUCTS/DetailProduct/ProductOpinion/input_upload-photo' is clickable&#xD;
&#xD;
2019-07-13 02:00:43 - [TEST_STEP][PASSED] - uploadFile(findTestObject("PRODUCTS/DetailProduct/ProductOpinion/input_upload-photo"), "C:\Users\QualtopGroup\Katalon Studio\QSSAT_Web_Liverpool\Files\img.png"): File 'C:\Users\QualtopGroup\Katalon Studio\QSSAT_Web_Liverpool\Files\img.png' sent to object: 'Object Repository/PRODUCTS/DetailProduct/ProductOpinion/input_upload-photo'&#xD;
&#xD;
2019-07-13 02:00:43 - [MESSAGE][PASSED] - File 'C:\Users\QualtopGroup\Katalon Studio\QSSAT_Web_Liverpool\Files\img.png' sent to object: 'Object Repository/PRODUCTS/DetailProduct/ProductOpinion/input_upload-photo'&#xD;
&#xD;
2019-07-13 02:00:43 - [TEST_STEP][PASSED] - click(findTestObject("PRODUCTS/DetailProduct/ProductOpinion/button_accept-add-photo")): Object: 'Object Repository/PRODUCTS/DetailProduct/ProductOpinion/button_accept-add-photo' is clicked on&#xD;
&#xD;
2019-07-13 02:00:44 - [MESSAGE][PASSED] - Object: 'Object Repository/PRODUCTS/DetailProduct/ProductOpinion/button_accept-add-photo' is clicked on&#xD;
&#xD;
2019-07-13 02:00:44 - [TEST_STEP][PASSED] - waitForElementNotVisible(findTestObject("PRODUCTS/DetailProduct/ProductOpinion/icon_load-photo"), 10): Object 'Object Repository/PRODUCTS/DetailProduct/ProductOpinion/icon_load-photo' is NOT visible&#xD;
&#xD;
2019-07-13 02:00:47 - [MESSAGE][PASSED] - Object 'Object Repository/PRODUCTS/DetailProduct/ProductOpinion/icon_load-photo' is NOT visible&#xD;
&#xD;
2019-07-13 02:00:47 - [TEST_STEP][PASSED] - click(findTestObject("PRODUCTS/DetailProduct/ProductOpinion/button_accept-add-photo")): Object: 'Object Repository/PRODUCTS/DetailProduct/ProductOpinion/button_accept-add-photo' is clicked on&#xD;
&#xD;
2019-07-13 02:00:48 - [MESSAGE][PASSED] - Object: 'Object Repository/PRODUCTS/DetailProduct/ProductOpinion/button_accept-add-photo' is clicked on&#xD;
&#xD;
2019-07-13 02:00:48 - [TEST_STEP][PASSED] - click(findTestObject("PRODUCTS/DetailProduct/ProductOpinion/button_send-opinion")): Object: 'Object Repository/PRODUCTS/DetailProduct/ProductOpinion/button_send-opinion' is clicked on&#xD;
&#xD;
2019-07-13 02:00:48 - [MESSAGE][PASSED] - Object: 'Object Repository/PRODUCTS/DetailProduct/ProductOpinion/button_send-opinion' is clicked on</system-out>
            <system-err></system-err>
        </testcase>
        <testcase name="Test Cases/SET_UP_BROWSER/close_browser" classname="Test Cases/SET_UP_BROWSER/close_browser" status="PASSED">
            <system-out>2019-07-13 02:00:48 - [TEST_CASE][PASSED] - Test Cases/SET_UP_BROWSER/close_browser: Test Cases/SET_UP_BROWSER/close_browser&#xD;
&#xD;
2019-07-13 02:00:48 - [TEST_STEP][PASSED] - closeBrowser(): Browser is closed&#xD;
&#xD;
2019-07-13 02:00:51 - [MESSAGE][PASSED] - Browser is closed</system-out>
            <system-err></system-err>
        </testcase>
        <system-out>2019-07-13 02:00:13 - [TEST_SUITE][INCOMPLETE] - SendOpinionProduct: null</system-out>
        <system-err>2019-07-13 02:00:13 - [TEST_SUITE][INCOMPLETE] - SendOpinionProduct: null</system-err>
    </testsuite>
</testsuites>
